2023-08-08 14:35:48.173  INFO 9752 --- [main] lavalink.server.Launcher                 : Starting Launcher using Java 11.0.20 on jenny with PID 9752 (C:\Users\jpham\Downloads\melody\src\lavalink\Lavalink.jar started by jpham in C:\Users\jpham\Downloads\melody\src\lavalink)
2023-08-08 14:35:48.189  INFO 9752 --- [main] lavalink.server.Launcher                 : No active profile set, falling back to 1 default profile: "default"
2023-08-08 14:35:48.994  INFO 9752 --- [main] lavalink.server.Launcher                 : Started Launcher in 1.322 seconds (JVM running for 1.861)
2023-08-08 14:35:49.002  INFO 9752 --- [main] lavalink.server.Launcher                 : You can safely ignore the big red warning about illegal reflection. See https://github.com/lavalink-devs/Lavalink/issues/295
2023-08-08 14:35:49.052  INFO 9752 --- [main] lavalink.server.Launcher                 : 

[32m       .  [31m _                  _ _       _    [32m__ _ _
[32m      /\\ [31m| | __ ___   ____ _| (_)_ __ | | __[32m\ \ \ \
[32m     ( ( )[31m| |/ _` \ \ / / _` | | | '_ \| |/ /[32m \ \ \ \
[32m      \\/ [31m| | (_| |\ V / (_| | | | | | |   < [32m  ) ) ) )
[32m       '  [31m|_|\__,_| \_/ \__,_|_|_|_| |_|_|\_\[32m / / / /
[0m    =========================================[32m/_/_/_/[0m

	Version:        3.7.8
	Build time:     03.08.2023 15:46:57 UTC
	Branch          HEAD
	Commit:         439f122
	Commit time:    03.08.2023 15:32:39 UTC
	JVM:            11.0.20
	Lavaplayer      1.5.0

2023-08-08 14:35:49.060  INFO 9752 --- [main] lavalink.server.Launcher                 : No active profile set, falling back to 1 default profile: "default"
2023-08-08 14:35:49.911  WARN 9752 --- [main] io.undertow.websockets.jsr               : UT026010: Buffer pool was not set on WebSocketDeploymentInfo, the default pool will be used
2023-08-08 14:35:49.927  INFO 9752 --- [main] io.undertow.servlet                      : Initializing Spring embedded WebApplicationContext
2023-08-08 14:35:49.927  INFO 9752 --- [main] w.s.c.ServletWebServerApplicationContext : Root WebApplicationContext: initialization completed in 867 ms
2023-08-08 14:35:50.056  INFO 9752 --- [main] c.s.d.l.tools.GarbageCollectionMonitor   : GC monitoring enabled, reporting results every 2 minutes.
2023-08-08 14:35:50.930  INFO 9752 --- [main] lavalink.server.config.KoeConfiguration  : OS: WINDOWS, Arch: X86_64
2023-08-08 14:35:50.930  INFO 9752 --- [main] lavalink.server.config.KoeConfiguration  : Enabling JDA-NAS
2023-08-08 14:35:50.933  INFO 9752 --- [main] c.s.l.c.natives.NativeLibraryLoader      : Native library udpqueue: loading with filter null
2023-08-08 14:35:50.945  INFO 9752 --- [main] c.s.l.c.natives.NativeLibraryLoader      : Native library udpqueue: successfully loaded.
2023-08-08 14:35:50.992  WARN 9752 --- [main] l.server.config.SentryConfiguration      : Turning off sentry
2023-08-08 14:35:51.208  INFO 9752 --- [main] io.undertow                              : starting server: Undertow - 2.2.16.Final
2023-08-08 14:35:51.216  INFO 9752 --- [main] org.xnio                                 : XNIO version 3.8.6.Final
2023-08-08 14:35:51.249  INFO 9752 --- [main] org.xnio.nio                             : XNIO NIO Implementation Version 3.8.6.Final
2023-08-08 14:35:51.452  INFO 9752 --- [main] org.jboss.threads                        : JBoss Threads version 3.1.0.Final
2023-08-08 14:35:51.494  INFO 9752 --- [main] o.s.b.w.e.undertow.UndertowWebServer     : Undertow started on port(s) 443 (http)
2023-08-08 14:35:51.494  INFO 9752 --- [main] lavalink.server.Launcher                 : Started Launcher in 2.49 seconds (JVM running for 4.361)
2023-08-08 14:35:51.500  INFO 9752 --- [main] lavalink.server.Launcher                 : Lavalink is ready to accept connections.
2023-08-08 14:36:45.661  INFO 9752 --- [XNIO-1 task-1] io.undertow.servlet                      : Initializing Spring DispatcherServlet 'dispatcherServlet'
2023-08-08 14:36:45.661  INFO 9752 --- [XNIO-1 task-1] o.s.web.servlet.DispatcherServlet        : Initializing Servlet 'dispatcherServlet'
2023-08-08 14:36:45.661  INFO 9752 --- [XNIO-1 task-1] o.s.web.servlet.DispatcherServlet        : Completed initialization in 0 ms
2023-08-08 14:36:45.724  INFO 9752 --- [XNIO-1 task-1] l.server.io.HandshakeInterceptorImpl     : Incoming connection from /0:0:0:0:0:0:0:1:54843
2023-08-08 14:36:45.743  INFO 9752 --- [XNIO-1 task-1] lavalink.server.io.RequestLoggingFilter  : GET /, client=0:0:0:0:0:0:0:1
2023-08-08 14:36:45.776  INFO 9752 --- [XNIO-1 task-2] lavalink.server.io.RequestLoggingFilter  : GET /version, client=127.0.0.1
2023-08-08 14:36:45.953  INFO 9752 --- [XNIO-1 task-1] lavalink.server.io.SocketServer          : Connection successfully established from Wavelink/2.6.2
2023-08-08 14:37:37.506  INFO 9752 --- [XNIO-1 I/O-2] lavalink.server.io.SocketServer          : Connection closed from /0:0:0:0:0:0:0:1:54843 -- CloseStatus[code=1006, reason=]
2023-08-08 14:37:37.506  INFO 9752 --- [XNIO-1 I/O-2] lavalink.server.io.SocketContext         : Shutting down 0 playing players.
2023-08-08 16:27:46.785  INFO 9752 --- [SpringApplicationShutdownHook] io.undertow                              : stopping server: Undertow - 2.2.16.Final
2023-08-08 16:27:46.810  INFO 9752 --- [SpringApplicationShutdownHook] io.undertow.servlet                      : Destroying Spring FrameworkServlet 'dispatcherServlet'
2023-08-08 16:27:46.819  INFO 9752 --- [SpringApplicationShutdownHook] c.s.d.l.tools.GarbageCollectionMonitor   : GC monitoring disabled.
2023-08-08 16:49:10.132  INFO 7976 --- [main] lavalink.server.Launcher                 : Starting Launcher using Java 11.0.20 on jenny with PID 7976 (C:\Users\jpham\Downloads\melody\src\lavalink\Lavalink.jar started by jpham in C:\Users\jpham\Downloads\melody\src\lavalink)
2023-08-08 16:49:10.140  INFO 7976 --- [main] lavalink.server.Launcher                 : No active profile set, falling back to 1 default profile: "default"
2023-08-08 16:49:10.884  INFO 7976 --- [main] lavalink.server.Launcher                 : Started Launcher in 1.28 seconds (JVM running for 1.784)
2023-08-08 16:49:10.884  INFO 7976 --- [main] lavalink.server.Launcher                 : You can safely ignore the big red warning about illegal reflection. See https://github.com/lavalink-devs/Lavalink/issues/295
2023-08-08 16:49:10.965  INFO 7976 --- [main] lavalink.server.Launcher                 : 

[32m       .  [31m _                  _ _       _    [32m__ _ _
[32m      /\\ [31m| | __ ___   ____ _| (_)_ __ | | __[32m\ \ \ \
[32m     ( ( )[31m| |/ _` \ \ / / _` | | | '_ \| |/ /[32m \ \ \ \
[32m      \\/ [31m| | (_| |\ V / (_| | | | | | |   < [32m  ) ) ) )
[32m       '  [31m|_|\__,_| \_/ \__,_|_|_|_| |_|_|\_\[32m / / / /
[0m    =========================================[32m/_/_/_/[0m

	Version:        3.7.8
	Build time:     03.08.2023 15:46:57 UTC
	Branch          HEAD
	Commit:         439f122
	Commit time:    03.08.2023 15:32:39 UTC
	JVM:            11.0.20
	Lavaplayer      1.5.0

2023-08-08 16:49:10.973  INFO 7976 --- [main] lavalink.server.Launcher                 : No active profile set, falling back to 1 default profile: "default"
2023-08-08 16:49:11.848  WARN 7976 --- [main] io.undertow.websockets.jsr               : UT026010: Buffer pool was not set on WebSocketDeploymentInfo, the default pool will be used
2023-08-08 16:49:11.879  INFO 7976 --- [main] io.undertow.servlet                      : Initializing Spring embedded WebApplicationContext
2023-08-08 16:49:11.880  INFO 7976 --- [main] w.s.c.ServletWebServerApplicationContext : Root WebApplicationContext: initialization completed in 899 ms
2023-08-08 16:49:12.049  INFO 7976 --- [main] c.s.d.l.tools.GarbageCollectionMonitor   : GC monitoring enabled, reporting results every 2 minutes.
2023-08-08 16:49:12.851  INFO 7976 --- [main] lavalink.server.config.KoeConfiguration  : OS: WINDOWS, Arch: X86_64
2023-08-08 16:49:12.851  INFO 7976 --- [main] lavalink.server.config.KoeConfiguration  : Enabling JDA-NAS
2023-08-08 16:49:12.851  INFO 7976 --- [main] c.s.l.c.natives.NativeLibraryLoader      : Native library udpqueue: loading with filter null
2023-08-08 16:49:12.891  INFO 7976 --- [main] c.s.l.c.natives.NativeLibraryLoader      : Native library udpqueue: successfully loaded.
2023-08-08 16:49:12.963  WARN 7976 --- [main] l.server.config.SentryConfiguration      : Turning off sentry
2023-08-08 16:49:13.193  INFO 7976 --- [main] io.undertow                              : starting server: Undertow - 2.2.16.Final
2023-08-08 16:49:13.210  INFO 7976 --- [main] org.xnio                                 : XNIO version 3.8.6.Final
2023-08-08 16:49:13.225  INFO 7976 --- [main] org.xnio.nio                             : XNIO NIO Implementation Version 3.8.6.Final
2023-08-08 16:49:13.322  INFO 7976 --- [main] org.jboss.threads                        : JBoss Threads version 3.1.0.Final
2023-08-08 16:49:13.371  INFO 7976 --- [main] o.s.b.w.e.undertow.UndertowWebServer     : Undertow started on port(s) 443 (http)
2023-08-08 16:49:13.371  INFO 7976 --- [main] lavalink.server.Launcher                 : Started Launcher in 2.476 seconds (JVM running for 4.269)
2023-08-08 16:49:13.379  INFO 7976 --- [main] lavalink.server.Launcher                 : Lavalink is ready to accept connections.
2023-08-08 16:52:15.989  INFO 7976 --- [XNIO-1 task-1] io.undertow.servlet                      : Initializing Spring DispatcherServlet 'dispatcherServlet'
2023-08-08 16:52:15.989  INFO 7976 --- [XNIO-1 task-1] o.s.web.servlet.DispatcherServlet        : Initializing Servlet 'dispatcherServlet'
2023-08-08 16:52:15.996  INFO 7976 --- [XNIO-1 task-1] o.s.web.servlet.DispatcherServlet        : Completed initialization in 7 ms
2023-08-08 16:52:16.008  INFO 7976 --- [XNIO-1 task-1] l.server.io.HandshakeInterceptorImpl     : Incoming connection from /0:0:0:0:0:0:0:1:56078
2023-08-08 16:52:16.030  INFO 7976 --- [XNIO-1 task-1] lavalink.server.io.RequestLoggingFilter  : GET /, client=0:0:0:0:0:0:0:1
2023-08-08 16:52:16.055  INFO 7976 --- [XNIO-1 task-2] lavalink.server.io.RequestLoggingFilter  : GET /version, client=127.0.0.1
2023-08-08 16:52:16.215  INFO 7976 --- [XNIO-1 task-1] lavalink.server.io.SocketServer          : Connection successfully established from Wavelink/2.6.2
2023-08-08 16:53:03.540  INFO 7976 --- [XNIO-1 task-1] l.server.player.AudioLoaderRestHandler   : Got request to load for identifier "ytsearch:new jeans new jeans"
2023-08-08 16:53:04.698  INFO 7976 --- [lava-daemon-pool-info-loader-2-thread-1] lavalink.server.player.AudioLoader       : Loaded playlist Search results for: new jeans new jeans
2023-08-08 16:53:04.844  INFO 7976 --- [XNIO-1 task-1] lavalink.server.io.RequestLoggingFilter  : GET /v3/loadtracks?identifier=ytsearch:new+jeans+new+jeans, client=0:0:0:0:0:0:0:1
2023-08-08 16:53:38.496  INFO 7976 --- [XNIO-1 task-1] l.server.player.AudioLoaderRestHandler   : Got request to load for identifier "ytsearch:new jeans new jeans"
2023-08-08 16:53:40.116  INFO 7976 --- [lava-daemon-pool-info-loader-2-thread-1] lavalink.server.player.AudioLoader       : Loaded playlist Search results for: new jeans new jeans
2023-08-08 16:53:40.127  INFO 7976 --- [XNIO-1 task-1] lavalink.server.io.RequestLoggingFilter  : GET /v3/loadtracks?identifier=ytsearch:new+jeans+new+jeans, client=0:0:0:0:0:0:0:1
2023-08-08 16:53:40.184  INFO 7976 --- [XNIO-1 task-2] lavalink.server.io.RequestLoggingFilter  : GET /v3/decodetrack?encodedTrack=QAAAkQIALE5ld0plYW5zICjribTsp4TsiqQpICdOZXcgSmVhbnMnIE9mZmljaWFsIE1WAAtIWUJFIExBQkVMUwAAAAAAAzg4AAtrY2VsZ3JHWTFoOAABACtodHRwczovL3d3dy55b3V0dWJlLmNvbS93YXRjaD92PWtjZWxnckdZMWg4AAd5b3V0dWJlAAAAAAAAAAA%3D, client=127.0.0.1
2023-08-08 16:53:40.198  WARN 7976 --- [lava-daemon-pool-playback-1-thread-1] c.s.d.l.s.y.YoutubeAccessTokenTracker    : YouTube auth tokens can't be retrieved because email and password is not set in YoutubeAudioSourceManager, age restricted videos will throw exceptions.
2023-08-08 16:53:40.238  INFO 7976 --- [XNIO-1 task-1] lavalink.server.io.RequestLoggingFilter  : PATCH /v3/sessions/u3juyydkd1q3ruhy/players/1134166694986780783?noReplace=False, client=0:0:0:0:0:0:0:1, payload={"encodedTrack": "QAAAkQIALE5ld0plYW5zICjribTsp4TsiqQpICdOZXcgSmVhbnMnIE9mZmljaWFsIE1WAAtIWUJFIExBQkVMUwAAAAAAAzg4AAtrY2VsZ3JHWTFoOAABACtodHRwczovL3d3dy55b3V0dWJlLmNvbS93YXRjaD92PWtjZWxnckdZMWg4AAd5b3V0dWJlAAAAAAAAAAA=", "position": 0, "volume": 50}
2023-08-08 16:53:40.858  INFO 7976 --- [XNIO-1 task-1] lavalink.server.io.RequestLoggingFilter  : PATCH /v3/sessions/u3juyydkd1q3ruhy/players/1134166694986780783, client=0:0:0:0:0:0:0:1, payload={"voice": {"sessionId": "9ebe40acdfdec1d971168f2e8ab214fd", "token": "b9664572d290e7e7", "endpoint": "rotterdam7410.discord.media:443"}}
2023-08-08 16:53:40.899  INFO 7976 --- [lava-daemon-pool-playback-1-thread-1] c.s.d.l.s.y.YoutubeAccessTokenTracker    : Updating YouTube visitor id (current is null).
2023-08-08 16:53:40.998  INFO 7976 --- [lava-daemon-pool-playback-1-thread-1] c.s.d.l.s.y.YoutubeAccessTokenTracker    : Updating YouTube visitor id succeeded, new one is CgtRRG9rMUZvOS1URSiFysmmBg%3D%3D, next update will be after 600 seconds.
2023-08-08 16:53:41.566  INFO 7976 --- [lava-daemon-pool-playback-1-thread-1] c.s.l.c.natives.NativeLibraryLoader      : Native library libmpg123-0: loading with filter com.sedmelluq.discord.lavaplayer.natives.ConnectorNativeLibLoader$$Lambda$751/0x0000000100819c40@38aaa98d
2023-08-08 16:53:41.590  INFO 7976 --- [lava-daemon-pool-playback-1-thread-1] c.s.l.c.natives.NativeLibraryLoader      : Native library libmpg123-0: successfully loaded.
2023-08-08 16:53:41.591  INFO 7976 --- [lava-daemon-pool-playback-1-thread-1] c.s.l.c.natives.NativeLibraryLoader      : Native library connector: loading with filter null
2023-08-08 16:53:41.624  INFO 7976 --- [lava-daemon-pool-playback-1-thread-1] c.s.l.c.natives.NativeLibraryLoader      : Native library connector: successfully loaded.
2023-08-08 16:53:58.564  INFO 7976 --- [XNIO-1 task-1] lavalink.server.io.RequestLoggingFilter  : PATCH /v3/sessions/u3juyydkd1q3ruhy/players/1134166694986780783, client=0:0:0:0:0:0:0:1, payload={"encodedTrack": null}
2023-08-08 16:53:58.568  INFO 7976 --- [XNIO-1 task-2] lavalink.server.io.RequestLoggingFilter  : GET /v3/decodetrack?encodedTrack=QAAAkQIALE5ld0plYW5zICjribTsp4TsiqQpICdOZXcgSmVhbnMnIE9mZmljaWFsIE1WAAtIWUJFIExBQkVMUwAAAAAAAzg4AAtrY2VsZ3JHWTFoOAABACtodHRwczovL3d3dy55b3V0dWJlLmNvbS93YXRjaD92PWtjZWxnckdZMWg4AAd5b3V0dWJlAAAAAAAAQ0Q%3D, client=127.0.0.1
2023-08-08 16:54:06.659  INFO 7976 --- [XNIO-1 task-2] lavalink.server.io.RequestLoggingFilter  : DELETE /v3/sessions/u3juyydkd1q3ruhy/players/1134166694986780783, client=127.0.0.1
2023-08-08 16:54:12.711  INFO 7976 --- [XNIO-1 I/O-8] lavalink.server.io.SocketServer          : Connection closed from /0:0:0:0:0:0:0:1:56078 -- CloseStatus[code=1006, reason=]
2023-08-08 16:54:12.713  INFO 7976 --- [XNIO-1 I/O-8] lavalink.server.io.SocketContext         : Shutting down 0 playing players.
2023-08-08 17:01:02.203  INFO 7976 --- [XNIO-1 task-2] l.server.io.HandshakeInterceptorImpl     : Incoming connection from /0:0:0:0:0:0:0:1:56154
2023-08-08 17:01:02.211  INFO 7976 --- [XNIO-1 task-2] lavalink.server.io.RequestLoggingFilter  : GET /, client=0:0:0:0:0:0:0:1
2023-08-08 17:01:02.219  INFO 7976 --- [XNIO-1 task-2] lavalink.server.io.SocketServer          : Connection successfully established from Wavelink/2.6.2
2023-08-08 17:01:02.219  INFO 7976 --- [XNIO-1 task-1] lavalink.server.io.RequestLoggingFilter  : GET /version, client=127.0.0.1
2023-08-08 17:03:13.970  INFO 7976 --- [XNIO-1 I/O-9] lavalink.server.io.SocketServer          : Connection closed from /0:0:0:0:0:0:0:1:56154 -- CloseStatus[code=1006, reason=]
2023-08-08 17:03:13.970  INFO 7976 --- [XNIO-1 I/O-9] lavalink.server.io.SocketContext         : Shutting down 0 playing players.
2023-08-08 17:03:21.079  INFO 7976 --- [XNIO-1 task-1] l.server.io.HandshakeInterceptorImpl     : Incoming connection from /0:0:0:0:0:0:0:1:56169
2023-08-08 17:03:21.094  INFO 7976 --- [XNIO-1 task-1] lavalink.server.io.RequestLoggingFilter  : GET /, client=0:0:0:0:0:0:0:1
2023-08-08 17:03:21.102  INFO 7976 --- [XNIO-1 task-1] lavalink.server.io.SocketServer          : Connection successfully established from Wavelink/2.6.2
2023-08-08 17:03:21.110  INFO 7976 --- [XNIO-1 task-2] lavalink.server.io.RequestLoggingFilter  : GET /version, client=127.0.0.1
2023-08-08 17:03:27.202  INFO 7976 --- [XNIO-1 I/O-10] lavalink.server.io.SocketServer          : Connection closed from /0:0:0:0:0:0:0:1:56169 -- CloseStatus[code=1006, reason=]
2023-08-08 17:03:27.202  INFO 7976 --- [XNIO-1 I/O-10] lavalink.server.io.SocketContext         : Shutting down 0 playing players.
2023-08-08 17:11:55.063  INFO 7976 --- [XNIO-1 task-1] l.server.io.HandshakeInterceptorImpl     : Incoming connection from /0:0:0:0:0:0:0:1:56207
2023-08-08 17:11:55.063  INFO 7976 --- [XNIO-1 task-1] lavalink.server.io.RequestLoggingFilter  : GET /, client=0:0:0:0:0:0:0:1
2023-08-08 17:11:55.072  INFO 7976 --- [XNIO-1 task-1] lavalink.server.io.SocketServer          : Connection successfully established from Wavelink/2.6.2
2023-08-08 17:11:55.072  INFO 7976 --- [XNIO-1 task-2] lavalink.server.io.RequestLoggingFilter  : GET /version, client=127.0.0.1
2023-08-08 17:12:20.736  INFO 7976 --- [XNIO-1 task-2] l.server.player.AudioLoaderRestHandler   : Got request to load for identifier "ytsearch:new jeans new jeans"
2023-08-08 17:12:21.615  INFO 7976 --- [lava-daemon-pool-info-loader-2-thread-1] lavalink.server.player.AudioLoader       : Loaded playlist Search results for: new jeans new jeans
2023-08-08 17:12:21.656  INFO 7976 --- [XNIO-1 task-2] lavalink.server.io.RequestLoggingFilter  : GET /v3/loadtracks?identifier=ytsearch:new+jeans+new+jeans, client=0:0:0:0:0:0:0:1
2023-08-08 17:12:21.668  INFO 7976 --- [lava-daemon-pool-playback-1-thread-1] c.s.d.l.s.y.YoutubeAccessTokenTracker    : Updating YouTube visitor id (current is CgtRRG9rMUZvOS1URSiFysmmBg%3D%3D).
2023-08-08 17:12:21.668  INFO 7976 --- [XNIO-1 task-2] lavalink.server.io.RequestLoggingFilter  : PATCH /v3/sessions/jx463xu2ww6nq5t4/players/1134166694986780783?noReplace=False, client=0:0:0:0:0:0:0:1, payload={"encodedTrack": "QAAAkQIALE5ld0plYW5zICjribTsp4TsiqQpICdOZXcgSmVhbnMnIE9mZmljaWFsIE1WAAtIWUJFIExBQkVMUwAAAAAAAzg4AAtrY2VsZ3JHWTFoOAABACtodHRwczovL3d3dy55b3V0dWJlLmNvbS93YXRjaD92PWtjZWxnckdZMWg4AAd5b3V0dWJlAAAAAAAAAAA=", "position": 0, "volume": 50}
2023-08-08 17:12:21.670  INFO 7976 --- [XNIO-1 task-1] lavalink.server.io.RequestLoggingFilter  : GET /v3/decodetrack?encodedTrack=QAAAkQIALE5ld0plYW5zICjribTsp4TsiqQpICdOZXcgSmVhbnMnIE9mZmljaWFsIE1WAAtIWUJFIExBQkVMUwAAAAAAAzg4AAtrY2VsZ3JHWTFoOAABACtodHRwczovL3d3dy55b3V0dWJlLmNvbS93YXRjaD92PWtjZWxnckdZMWg4AAd5b3V0dWJlAAAAAAAAAAA%3D, client=127.0.0.1
2023-08-08 17:12:21.758  INFO 7976 --- [lava-daemon-pool-playback-1-thread-1] c.s.d.l.s.y.YoutubeAccessTokenTracker    : Updating YouTube visitor id succeeded, new one is CgtDNnNETmFoRGdhRSjl0smmBjIICgJHQhICGgA%3D, next update will be after 600 seconds.
2023-08-08 17:12:22.032  INFO 7976 --- [XNIO-1 task-1] lavalink.server.io.RequestLoggingFilter  : PATCH /v3/sessions/jx463xu2ww6nq5t4/players/1134166694986780783, client=127.0.0.1, payload={"voice": {"sessionId": "375387acc965d613fbdc559de09a1cee", "token": "7082d2a1bf733d3b", "endpoint": "rotterdam1060.discord.media:443"}}
2023-08-08 17:12:38.858  INFO 7976 --- [XNIO-1 task-1] l.server.player.AudioLoaderRestHandler   : Got request to load for identifier "ytsearch:eta by new jeans"
2023-08-08 17:12:42.166  INFO 7976 --- [lava-daemon-pool-info-loader-2-thread-1] lavalink.server.player.AudioLoader       : Loaded playlist Search results for: eta by new jeans
2023-08-08 17:12:42.197  INFO 7976 --- [XNIO-1 task-1] lavalink.server.io.RequestLoggingFilter  : GET /v3/loadtracks?identifier=ytsearch:eta+by+new+jeans, client=0:0:0:0:0:0:0:1
2023-08-08 17:12:49.339  INFO 7976 --- [XNIO-1 task-1] l.server.player.AudioLoaderRestHandler   : Got request to load for identifier "ytsearch:eta new jeans"
2023-08-08 17:12:49.759  INFO 7976 --- [lava-daemon-pool-info-loader-2-thread-1] lavalink.server.player.AudioLoader       : Loaded playlist Search results for: eta new jeans
2023-08-08 17:12:49.763  INFO 7976 --- [XNIO-1 task-1] lavalink.server.io.RequestLoggingFilter  : GET /v3/loadtracks?identifier=ytsearch:eta+new+jeans, client=0:0:0:0:0:0:0:1
2023-08-08 17:13:04.841  INFO 7976 --- [XNIO-1 task-1] l.server.player.AudioLoaderRestHandler   : Got request to load for identifier "ytsearch:new jeans new jeans"
2023-08-08 17:13:05.675  INFO 7976 --- [lava-daemon-pool-info-loader-2-thread-1] lavalink.server.player.AudioLoader       : Loaded playlist Search results for: new jeans new jeans
2023-08-08 17:13:05.679  INFO 7976 --- [XNIO-1 task-1] lavalink.server.io.RequestLoggingFilter  : GET /v3/loadtracks?identifier=ytsearch:new+jeans+new+jeans, client=0:0:0:0:0:0:0:1
2023-08-08 17:13:13.278  INFO 7976 --- [XNIO-1 task-1] lavalink.server.io.RequestLoggingFilter  : PATCH /v3/sessions/jx463xu2ww6nq5t4/players/1134166694986780783, client=0:0:0:0:0:0:0:1, payload={"encodedTrack": null}
2023-08-08 17:13:13.284  INFO 7976 --- [XNIO-1 task-2] lavalink.server.io.RequestLoggingFilter  : GET /v3/decodetrack?encodedTrack=QAAAkQIALE5ld0plYW5zICjribTsp4TsiqQpICdOZXcgSmVhbnMnIE9mZmljaWFsIE1WAAtIWUJFIExBQkVMUwAAAAAAAzg4AAtrY2VsZ3JHWTFoOAABACtodHRwczovL3d3dy55b3V0dWJlLmNvbS93YXRjaD92PWtjZWxnckdZMWg4AAd5b3V0dWJlAAAAAAAAxvw%3D, client=127.0.0.1
2023-08-08 17:13:18.081  INFO 7976 --- [XNIO-1 task-2] l.server.player.AudioLoaderRestHandler   : Got request to load for identifier "ytsearch:new jeans new jeans"
2023-08-08 17:13:18.632  INFO 7976 --- [lava-daemon-pool-info-loader-2-thread-1] lavalink.server.player.AudioLoader       : Loaded playlist Search results for: new jeans new jeans
2023-08-08 17:13:18.635  INFO 7976 --- [XNIO-1 task-2] lavalink.server.io.RequestLoggingFilter  : GET /v3/loadtracks?identifier=ytsearch:new+jeans+new+jeans, client=127.0.0.1
2023-08-08 17:13:18.641  INFO 7976 --- [XNIO-1 task-2] lavalink.server.io.RequestLoggingFilter  : PATCH /v3/sessions/jx463xu2ww6nq5t4/players/1134166694986780783?noReplace=False, client=127.0.0.1, payload={"encodedTrack": "QAAAkQIALE5ld0plYW5zICjribTsp4TsiqQpICdOZXcgSmVhbnMnIE9mZmljaWFsIE1WAAtIWUJFIExBQkVMUwAAAAAAAzg4AAtrY2VsZ3JHWTFoOAABACtodHRwczovL3d3dy55b3V0dWJlLmNvbS93YXRjaD92PWtjZWxnckdZMWg4AAd5b3V0dWJlAAAAAAAAAAA=", "position": 0, "volume": 50}
2023-08-08 17:13:18.642  INFO 7976 --- [XNIO-1 task-1] lavalink.server.io.RequestLoggingFilter  : GET /v3/decodetrack?encodedTrack=QAAAkQIALE5ld0plYW5zICjribTsp4TsiqQpICdOZXcgSmVhbnMnIE9mZmljaWFsIE1WAAtIWUJFIExBQkVMUwAAAAAAAzg4AAtrY2VsZ3JHWTFoOAABACtodHRwczovL3d3dy55b3V0dWJlLmNvbS93YXRjaD92PWtjZWxnckdZMWg4AAd5b3V0dWJlAAAAAAAAAAA%3D, client=0:0:0:0:0:0:0:1
2023-08-08 17:13:27.451  INFO 7976 --- [XNIO-1 task-1] l.server.player.AudioLoaderRestHandler   : Got request to load for identifier "ytsearch:new jeans new jeans"
2023-08-08 17:13:28.283  INFO 7976 --- [lava-daemon-pool-info-loader-2-thread-1] lavalink.server.player.AudioLoader       : Loaded playlist Search results for: new jeans new jeans
2023-08-08 17:13:28.288  INFO 7976 --- [XNIO-1 task-1] lavalink.server.io.RequestLoggingFilter  : GET /v3/loadtracks?identifier=ytsearch:new+jeans+new+jeans, client=0:0:0:0:0:0:0:1
2023-08-08 17:14:52.231  INFO 7976 --- [XNIO-1 I/O-11] lavalink.server.io.SocketServer          : Connection closed from /0:0:0:0:0:0:0:1:56207 -- CloseStatus[code=1006, reason=]
2023-08-08 17:14:52.241  INFO 7976 --- [XNIO-1 I/O-11] lavalink.server.io.SocketContext         : Shutting down 1 playing players.
2023-08-08 17:14:58.573  INFO 7976 --- [XNIO-1 task-1] l.server.io.HandshakeInterceptorImpl     : Incoming connection from /0:0:0:0:0:0:0:1:56244
2023-08-08 17:14:58.579  INFO 7976 --- [XNIO-1 task-1] lavalink.server.io.RequestLoggingFilter  : GET /, client=0:0:0:0:0:0:0:1
2023-08-08 17:14:58.588  INFO 7976 --- [XNIO-1 task-2] lavalink.server.io.RequestLoggingFilter  : GET /version, client=127.0.0.1
2023-08-08 17:14:58.592  INFO 7976 --- [XNIO-1 task-1] lavalink.server.io.SocketServer          : Connection successfully established from Wavelink/2.6.2
2023-08-08 17:15:02.111  INFO 7976 --- [XNIO-1 task-1] l.server.player.AudioLoaderRestHandler   : Got request to load for identifier "ytsearch:new jeans new jeans audio"
2023-08-08 17:15:02.626  INFO 7976 --- [lava-daemon-pool-info-loader-2-thread-1] lavalink.server.player.AudioLoader       : Loaded playlist Search results for: new jeans new jeans audio
2023-08-08 17:15:02.638  INFO 7976 --- [XNIO-1 task-1] lavalink.server.io.RequestLoggingFilter  : GET /v3/loadtracks?identifier=ytsearch:new+jeans+new+jeans+audio, client=127.0.0.1
2023-08-08 17:15:02.665  INFO 7976 --- [XNIO-1 task-1] lavalink.server.io.RequestLoggingFilter  : PATCH /v3/sessions/2mk8xy0s6f257l72/players/1134166694986780783?noReplace=False, client=127.0.0.1, payload={"encodedTrack": "QAAAlwIAMU5ld0plYW5zICjribTsp4TsiqQpIC0gTmV3IEplYW5zIFtPZmZpY2lhbCBBdWRpb10ADFdlTGlrZSBNdXNpYwAAAAAAAa2wAAtReURRYmVNSXhTawABACtodHRwczovL3d3dy55b3V0dWJlLmNvbS93YXRjaD92PVF5RFFiZU1JeFNrAAd5b3V0dWJlAAAAAAAAAAA=", "position": 0, "volume": 50}
2023-08-08 17:15:02.672  INFO 7976 --- [XNIO-1 task-2] lavalink.server.io.RequestLoggingFilter  : GET /v3/decodetrack?encodedTrack=QAAAlwIAMU5ld0plYW5zICjribTsp4TsiqQpIC0gTmV3IEplYW5zIFtPZmZpY2lhbCBBdWRpb10ADFdlTGlrZSBNdXNpYwAAAAAAAa2wAAtReURRYmVNSXhTawABACtodHRwczovL3d3dy55b3V0dWJlLmNvbS93YXRjaD92PVF5RFFiZU1JeFNrAAd5b3V0dWJlAAAAAAAAAAA%3D, client=0:0:0:0:0:0:0:1
2023-08-08 17:15:03.321  INFO 7976 --- [XNIO-1 task-2] lavalink.server.io.RequestLoggingFilter  : PATCH /v3/sessions/2mk8xy0s6f257l72/players/1134166694986780783, client=0:0:0:0:0:0:0:1, payload={"voice": {"sessionId": "a066cb3cb08f6db37e4dce25482aa047", "token": "0c8984e8eb7cddd8", "endpoint": "rotterdam1060.discord.media:443"}}
2023-08-08 17:15:08.804  INFO 7976 --- [XNIO-1 task-2] l.server.player.AudioLoaderRestHandler   : Got request to load for identifier "ytsearch:new jeans new jeans audio"
2023-08-08 17:15:09.494  INFO 7976 --- [lava-daemon-pool-info-loader-2-thread-1] lavalink.server.player.AudioLoader       : Loaded playlist Search results for: new jeans new jeans audio
2023-08-08 17:15:09.506  INFO 7976 --- [XNIO-1 task-2] lavalink.server.io.RequestLoggingFilter  : GET /v3/loadtracks?identifier=ytsearch:new+jeans+new+jeans+audio, client=0:0:0:0:0:0:0:1
2023-08-08 17:15:32.808  INFO 7976 --- [XNIO-1 I/O-10] lavalink.server.io.SocketServer          : Connection closed from /0:0:0:0:0:0:0:1:56244 -- CloseStatus[code=1006, reason=]
2023-08-08 17:15:32.811  INFO 7976 --- [XNIO-1 I/O-10] lavalink.server.io.SocketContext         : Shutting down 1 playing players.
2023-08-08 17:15:39.894  INFO 7976 --- [XNIO-1 task-2] l.server.io.HandshakeInterceptorImpl     : Incoming connection from /0:0:0:0:0:0:0:1:56258
2023-08-08 17:15:39.901  INFO 7976 --- [XNIO-1 task-2] lavalink.server.io.RequestLoggingFilter  : GET /, client=0:0:0:0:0:0:0:1
2023-08-08 17:15:39.906  INFO 7976 --- [XNIO-1 task-2] lavalink.server.io.SocketServer          : Connection successfully established from Wavelink/2.6.2
2023-08-08 17:15:39.914  INFO 7976 --- [XNIO-1 task-1] lavalink.server.io.RequestLoggingFilter  : GET /version, client=127.0.0.1
2023-08-08 17:15:45.298  INFO 7976 --- [XNIO-1 task-1] l.server.player.AudioLoaderRestHandler   : Got request to load for identifier "ytsearch:new jeans new jeans audio"
2023-08-08 17:15:45.951  INFO 7976 --- [lava-daemon-pool-info-loader-2-thread-1] lavalink.server.player.AudioLoader       : Loaded playlist Search results for: new jeans new jeans audio
2023-08-08 17:15:45.961  INFO 7976 --- [XNIO-1 task-1] lavalink.server.io.RequestLoggingFilter  : GET /v3/loadtracks?identifier=ytsearch:new+jeans+new+jeans+audio, client=127.0.0.1
2023-08-08 17:15:45.987  INFO 7976 --- [XNIO-1 task-1] lavalink.server.io.RequestLoggingFilter  : PATCH /v3/sessions/hcnhubl1k6f2viyp/players/1134166694986780783?noReplace=False, client=127.0.0.1, payload={"encodedTrack": "QAAAlwIAMU5ld0plYW5zICjribTsp4TsiqQpIC0gTmV3IEplYW5zIFtPZmZpY2lhbCBBdWRpb10ADFdlTGlrZSBNdXNpYwAAAAAAAa2wAAtReURRYmVNSXhTawABACtodHRwczovL3d3dy55b3V0dWJlLmNvbS93YXRjaD92PVF5RFFiZU1JeFNrAAd5b3V0dWJlAAAAAAAAAAA=", "position": 0, "volume": 50}
2023-08-08 17:15:45.989  INFO 7976 --- [XNIO-1 task-2] lavalink.server.io.RequestLoggingFilter  : GET /v3/decodetrack?encodedTrack=QAAAlwIAMU5ld0plYW5zICjribTsp4TsiqQpIC0gTmV3IEplYW5zIFtPZmZpY2lhbCBBdWRpb10ADFdlTGlrZSBNdXNpYwAAAAAAAa2wAAtReURRYmVNSXhTawABACtodHRwczovL3d3dy55b3V0dWJlLmNvbS93YXRjaD92PVF5RFFiZU1JeFNrAAd5b3V0dWJlAAAAAAAAAAA%3D, client=0:0:0:0:0:0:0:1
2023-08-08 17:15:46.353  INFO 7976 --- [XNIO-1 task-2] lavalink.server.io.RequestLoggingFilter  : PATCH /v3/sessions/hcnhubl1k6f2viyp/players/1134166694986780783, client=0:0:0:0:0:0:0:1, payload={"voice": {"sessionId": "8323c7783424699a978d4a08f45583a8", "token": "c31e65d3dac331ec", "endpoint": "rotterdam1060.discord.media:443"}}
2023-08-08 17:15:53.419  INFO 7976 --- [XNIO-1 task-2] l.server.player.AudioLoaderRestHandler   : Got request to load for identifier "ytsearch:new jeans new jeans audio"
2023-08-08 17:15:54.063  INFO 7976 --- [lava-daemon-pool-info-loader-2-thread-1] lavalink.server.player.AudioLoader       : Loaded playlist Search results for: new jeans new jeans audio
2023-08-08 17:15:54.070  INFO 7976 --- [XNIO-1 task-2] lavalink.server.io.RequestLoggingFilter  : GET /v3/loadtracks?identifier=ytsearch:new+jeans+new+jeans+audio, client=0:0:0:0:0:0:0:1
2023-08-08 17:16:43.483  INFO 7976 --- [XNIO-1 task-2] l.server.player.AudioLoaderRestHandler   : Got request to load for identifier "https://www.youtube.com/playlist?list=PLyJLW0IDP1Rkvu3KpajIKb1FAhwoWmcwJ"
2023-08-08 17:16:43.694  INFO 7976 --- [lava-daemon-pool-info-loader-2-thread-1] lavalink.server.player.AudioLoader       : Loaded playlist new jeans
2023-08-08 17:16:43.698  INFO 7976 --- [XNIO-1 task-2] lavalink.server.io.RequestLoggingFilter  : GET /v3/loadtracks?identifier=https://www.youtube.com/playlist?list%3DPLyJLW0IDP1Rkvu3KpajIKb1FAhwoWmcwJ, client=0:0:0:0:0:0:0:1
2023-08-08 17:16:43.701  INFO 7976 --- [XNIO-1 task-2] l.server.player.AudioLoaderRestHandler   : Got request to load for identifier "https://www.youtube.com/playlist?list=PLyJLW0IDP1Rkvu3KpajIKb1FAhwoWmcwJ"
2023-08-08 17:16:43.897  INFO 7976 --- [lava-daemon-pool-info-loader-2-thread-1] lavalink.server.player.AudioLoader       : Loaded playlist new jeans
2023-08-08 17:16:43.905  INFO 7976 --- [XNIO-1 task-2] lavalink.server.io.RequestLoggingFilter  : GET /v3/loadtracks?identifier=https://www.youtube.com/playlist?list%3DPLyJLW0IDP1Rkvu3KpajIKb1FAhwoWmcwJ, client=0:0:0:0:0:0:0:1
2023-08-08 17:17:06.577  INFO 7976 --- [XNIO-1 task-2] l.server.player.AudioLoaderRestHandler   : Got request to load for identifier "ytsearch:new jeans new jeans"
2023-08-08 17:17:07.374  INFO 7976 --- [lava-daemon-pool-info-loader-2-thread-1] lavalink.server.player.AudioLoader       : Loaded playlist Search results for: new jeans new jeans
2023-08-08 17:17:07.401  INFO 7976 --- [XNIO-1 task-2] lavalink.server.io.RequestLoggingFilter  : GET /v3/loadtracks?identifier=ytsearch:new+jeans+new+jeans, client=0:0:0:0:0:0:0:1
2023-08-08 17:17:23.449  INFO 7976 --- [XNIO-1 I/O-6] lavalink.server.io.SocketServer          : Connection closed from /0:0:0:0:0:0:0:1:56258 -- CloseStatus[code=1006, reason=]
2023-08-08 17:17:23.451  INFO 7976 --- [XNIO-1 I/O-6] lavalink.server.io.SocketContext         : Shutting down 1 playing players.
2023-08-08 17:17:46.524  INFO 7976 --- [XNIO-1 task-2] l.server.io.HandshakeInterceptorImpl     : Incoming connection from /0:0:0:0:0:0:0:1:56294
2023-08-08 17:17:46.528  INFO 7976 --- [XNIO-1 task-2] lavalink.server.io.RequestLoggingFilter  : GET /, client=0:0:0:0:0:0:0:1
2023-08-08 17:17:46.537  INFO 7976 --- [XNIO-1 task-2] lavalink.server.io.SocketServer          : Connection successfully established from Wavelink/2.6.2
2023-08-08 17:17:46.543  INFO 7976 --- [XNIO-1 task-1] lavalink.server.io.RequestLoggingFilter  : GET /version, client=127.0.0.1
2023-08-08 17:17:49.735  INFO 7976 --- [XNIO-1 task-1] l.server.player.AudioLoaderRestHandler   : Got request to load for identifier "ytsearch:new jeans new jeans audio"
2023-08-08 17:17:50.414  INFO 7976 --- [lava-daemon-pool-info-loader-2-thread-1] lavalink.server.player.AudioLoader       : Loaded playlist Search results for: new jeans new jeans audio
2023-08-08 17:17:50.454  INFO 7976 --- [XNIO-1 task-1] lavalink.server.io.RequestLoggingFilter  : GET /v3/loadtracks?identifier=ytsearch:new+jeans+new+jeans+audio, client=127.0.0.1
2023-08-08 17:17:50.465  INFO 7976 --- [XNIO-1 task-1] lavalink.server.io.RequestLoggingFilter  : PATCH /v3/sessions/e6nff6z95ghvcmke/players/1134166694986780783?noReplace=False, client=127.0.0.1, payload={"encodedTrack": "QAAAlwIAMU5ld0plYW5zICjribTsp4TsiqQpIC0gTmV3IEplYW5zIFtPZmZpY2lhbCBBdWRpb10ADFdlTGlrZSBNdXNpYwAAAAAAAa2wAAtReURRYmVNSXhTawABACtodHRwczovL3d3dy55b3V0dWJlLmNvbS93YXRjaD92PVF5RFFiZU1JeFNrAAd5b3V0dWJlAAAAAAAAAAA=", "position": 0, "volume": 50}
2023-08-08 17:17:50.467  INFO 7976 --- [XNIO-1 task-2] lavalink.server.io.RequestLoggingFilter  : GET /v3/decodetrack?encodedTrack=QAAAlwIAMU5ld0plYW5zICjribTsp4TsiqQpIC0gTmV3IEplYW5zIFtPZmZpY2lhbCBBdWRpb10ADFdlTGlrZSBNdXNpYwAAAAAAAa2wAAtReURRYmVNSXhTawABACtodHRwczovL3d3dy55b3V0dWJlLmNvbS93YXRjaD92PVF5RFFiZU1JeFNrAAd5b3V0dWJlAAAAAAAAAAA%3D, client=0:0:0:0:0:0:0:1
2023-08-08 17:17:50.824  INFO 7976 --- [XNIO-1 task-2] lavalink.server.io.RequestLoggingFilter  : PATCH /v3/sessions/e6nff6z95ghvcmke/players/1134166694986780783, client=0:0:0:0:0:0:0:1, payload={"voice": {"sessionId": "373bb3bd49b3f1d7bce213960895c669", "token": "5a24cfe3aa2fc438", "endpoint": "rotterdam1060.discord.media:443"}}
2023-08-08 17:17:58.305  INFO 7976 --- [XNIO-1 task-2] l.server.player.AudioLoaderRestHandler   : Got request to load for identifier "ytsearch:new jeans cookie audio"
2023-08-08 17:17:58.801  INFO 7976 --- [lava-daemon-pool-info-loader-2-thread-1] lavalink.server.player.AudioLoader       : Loaded playlist Search results for: new jeans cookie audio
2023-08-08 17:17:58.811  INFO 7976 --- [XNIO-1 task-2] lavalink.server.io.RequestLoggingFilter  : GET /v3/loadtracks?identifier=ytsearch:new+jeans+cookie+audio, client=0:0:0:0:0:0:0:1
2023-08-08 17:18:13.207  INFO 7976 --- [XNIO-1 task-2] l.server.player.AudioLoaderRestHandler   : Got request to load for identifier "https://www.youtube.com/playlist?list=PLyJLW0IDP1Rkvu3KpajIKb1FAhwoWmcwJ"
2023-08-08 17:18:13.376  INFO 7976 --- [lava-daemon-pool-info-loader-2-thread-1] lavalink.server.player.AudioLoader       : Loaded playlist new jeans
2023-08-08 17:18:13.382  INFO 7976 --- [XNIO-1 task-2] lavalink.server.io.RequestLoggingFilter  : GET /v3/loadtracks?identifier=https://www.youtube.com/playlist?list%3DPLyJLW0IDP1Rkvu3KpajIKb1FAhwoWmcwJ, client=0:0:0:0:0:0:0:1
2023-08-08 17:18:13.391  INFO 7976 --- [XNIO-1 task-2] l.server.player.AudioLoaderRestHandler   : Got request to load for identifier "https://www.youtube.com/playlist?list=PLyJLW0IDP1Rkvu3KpajIKb1FAhwoWmcwJ"
2023-08-08 17:18:13.556  INFO 7976 --- [lava-daemon-pool-info-loader-2-thread-1] lavalink.server.player.AudioLoader       : Loaded playlist new jeans
2023-08-08 17:18:13.564  INFO 7976 --- [XNIO-1 task-2] lavalink.server.io.RequestLoggingFilter  : GET /v3/loadtracks?identifier=https://www.youtube.com/playlist?list%3DPLyJLW0IDP1Rkvu3KpajIKb1FAhwoWmcwJ, client=0:0:0:0:0:0:0:1
2023-08-08 17:19:35.888  INFO 7976 --- [XNIO-1 task-2] lavalink.server.io.RequestLoggingFilter  : PATCH /v3/sessions/e6nff6z95ghvcmke/players/1134166694986780783, client=0:0:0:0:0:0:0:1, payload={"encodedTrack": null}
2023-08-08 17:19:35.892  INFO 7976 --- [XNIO-1 task-1] lavalink.server.io.RequestLoggingFilter  : GET /v3/decodetrack?encodedTrack=QAAAlwIAMU5ld0plYW5zICjribTsp4TsiqQpIC0gTmV3IEplYW5zIFtPZmZpY2lhbCBBdWRpb10ADFdlTGlrZSBNdXNpYwAAAAAAAa2wAAtReURRYmVNSXhTawABACtodHRwczovL3d3dy55b3V0dWJlLmNvbS93YXRjaD92PVF5RFFiZU1JeFNrAAd5b3V0dWJlAAAAAAABmig%3D, client=127.0.0.1
2023-08-08 17:19:35.916  INFO 7976 --- [XNIO-1 task-1] lavalink.server.io.RequestLoggingFilter  : PATCH /v3/sessions/e6nff6z95ghvcmke/players/1134166694986780783?noReplace=False, client=127.0.0.1, payload={"encodedTrack": "QAAAigIAKU5ld0plYW5zICjribTsp4TsiqQpIC0gQ29va2llIOOAjEF1ZGlv44CNAAdLIE1VU0lDAAAAAAADmeAACzFwVUNzYkszNUpBAAEAK2h0dHBzOi8vd3d3LnlvdXR1YmUuY29tL3dhdGNoP3Y9MXBVQ3NiSzM1SkEAB3lvdXR1YmUAAAAAAAAAAA==", "position": 0, "volume": 50}
2023-08-08 17:19:35.921  INFO 7976 --- [XNIO-1 task-2] lavalink.server.io.RequestLoggingFilter  : GET /v3/decodetrack?encodedTrack=QAAAigIAKU5ld0plYW5zICjribTsp4TsiqQpIC0gQ29va2llIOOAjEF1ZGlv44CNAAdLIE1VU0lDAAAAAAADmeAACzFwVUNzYkszNUpBAAEAK2h0dHBzOi8vd3d3LnlvdXR1YmUuY29tL3dhdGNoP3Y9MXBVQ3NiSzM1SkEAB3lvdXR1YmUAAAAAAAAAAA%3D%3D, client=0:0:0:0:0:0:0:1
2023-08-08 17:19:40.785  INFO 7976 --- [XNIO-1 task-1] lavalink.server.io.RequestLoggingFilter  : GET /v3/decodetrack?encodedTrack=QAAAigIAKU5ld0plYW5zICjribTsp4TsiqQpIC0gQ29va2llIOOAjEF1ZGlv44CNAAdLIE1VU0lDAAAAAAADmeAACzFwVUNzYkszNUpBAAEAK2h0dHBzOi8vd3d3LnlvdXR1YmUuY29tL3dhdGNoP3Y9MXBVQ3NiSzM1SkEAB3lvdXR1YmUAAAAAAAAScA%3D%3D, client=127.0.0.1
2023-08-08 17:19:40.789  INFO 7976 --- [XNIO-1 task-2] lavalink.server.io.RequestLoggingFilter  : PATCH /v3/sessions/e6nff6z95ghvcmke/players/1134166694986780783, client=0:0:0:0:0:0:0:1, payload={"encodedTrack": null}
2023-08-08 17:19:40.796  INFO 7976 --- [XNIO-1 task-1] lavalink.server.io.RequestLoggingFilter  : PATCH /v3/sessions/e6nff6z95ghvcmke/players/1134166694986780783?noReplace=False, client=127.0.0.1, payload={"encodedTrack": "QAAAiwIAJk5ld0plYW5zICjribTsp4TsiqQpICdFVEEnIE9mZmljaWFsIE1WAAtIWUJFIExBQkVMUwAAAAAAA0+oAAtqT1RmQmxLU1FZWQABACtodHRwczovL3d3dy55b3V0dWJlLmNvbS93YXRjaD92PWpPVGZCbEtTUVlZAAd5b3V0dWJlAAAAAAAAAAA=", "position": 0, "volume": 50}
2023-08-08 17:19:40.803  INFO 7976 --- [XNIO-1 task-2] lavalink.server.io.RequestLoggingFilter  : GET /v3/decodetrack?encodedTrack=QAAAiwIAJk5ld0plYW5zICjribTsp4TsiqQpICdFVEEnIE9mZmljaWFsIE1WAAtIWUJFIExBQkVMUwAAAAAAA0%2BoAAtqT1RmQmxLU1FZWQABACtodHRwczovL3d3dy55b3V0dWJlLmNvbS93YXRjaD92PWpPVGZCbEtTUVlZAAd5b3V0dWJlAAAAAAAAAAA%3D, client=0:0:0:0:0:0:0:1
2023-08-08 17:19:44.003  INFO 7976 --- [XNIO-1 task-2] lavalink.server.io.RequestLoggingFilter  : PATCH /v3/sessions/e6nff6z95ghvcmke/players/1134166694986780783, client=0:0:0:0:0:0:0:1, payload={"encodedTrack": null}
2023-08-08 17:19:44.006  INFO 7976 --- [XNIO-1 task-1] lavalink.server.io.RequestLoggingFilter  : GET /v3/decodetrack?encodedTrack=QAAAiwIAJk5ld0plYW5zICjribTsp4TsiqQpICdFVEEnIE9mZmljaWFsIE1WAAtIWUJFIExBQkVMUwAAAAAAA0%2BoAAtqT1RmQmxLU1FZWQABACtodHRwczovL3d3dy55b3V0dWJlLmNvbS93YXRjaD92PWpPVGZCbEtTUVlZAAd5b3V0dWJlAAAAAAAAC3w%3D, client=127.0.0.1
2023-08-08 17:19:44.016  INFO 7976 --- [XNIO-1 task-1] lavalink.server.io.RequestLoggingFilter  : PATCH /v3/sessions/e6nff6z95ghvcmke/players/1134166694986780783?noReplace=False, client=127.0.0.1, payload={"encodedTrack": "QAAAngIAOU5ld0plYW5zICjribTsp4TsiqQpICdDb29sIFdpdGggWW91JyBPZmZpY2lhbCBNViAoc2lkZSBBKQALSFlCRSBMQUJFTFMAAAAAAAOpgAALenNZU1NWb1FuUDQAAQAraHR0cHM6Ly93d3cueW91dHViZS5jb20vd2F0Y2g/dj16c1lTU1ZvUW5QNAAHeW91dHViZQAAAAAAAAAA", "position": 0, "volume": 50}
2023-08-08 17:19:44.016  INFO 7976 --- [XNIO-1 task-2] lavalink.server.io.RequestLoggingFilter  : GET /v3/decodetrack?encodedTrack=QAAAngIAOU5ld0plYW5zICjribTsp4TsiqQpICdDb29sIFdpdGggWW91JyBPZmZpY2lhbCBNViAoc2lkZSBBKQALSFlCRSBMQUJFTFMAAAAAAAOpgAALenNZU1NWb1FuUDQAAQAraHR0cHM6Ly93d3cueW91dHViZS5jb20vd2F0Y2g/dj16c1lTU1ZvUW5QNAAHeW91dHViZQAAAAAAAAAA, client=0:0:0:0:0:0:0:1
2023-08-08 17:19:51.546  INFO 7976 --- [XNIO-1 task-2] lavalink.server.io.RequestLoggingFilter  : PATCH /v3/sessions/e6nff6z95ghvcmke/players/1134166694986780783, client=0:0:0:0:0:0:0:1, payload={"encodedTrack": null}
2023-08-08 17:19:51.549  INFO 7976 --- [XNIO-1 task-1] lavalink.server.io.RequestLoggingFilter  : GET /v3/decodetrack?encodedTrack=QAAAngIAOU5ld0plYW5zICjribTsp4TsiqQpICdDb29sIFdpdGggWW91JyBPZmZpY2lhbCBNViAoc2lkZSBBKQALSFlCRSBMQUJFTFMAAAAAAAOpgAALenNZU1NWb1FuUDQAAQAraHR0cHM6Ly93d3cueW91dHViZS5jb20vd2F0Y2g/dj16c1lTU1ZvUW5QNAAHeW91dHViZQAAAAAAABh0, client=127.0.0.1
2023-08-08 17:19:51.558  INFO 7976 --- [XNIO-1 task-1] lavalink.server.io.RequestLoggingFilter  : PATCH /v3/sessions/e6nff6z95ghvcmke/players/1134166694986780783?noReplace=False, client=127.0.0.1, payload={"encodedTrack": "QAAAawIACU5ldyBKZWFucwAITmV3SmVhbnMAAAAAAAGpyAALdnlxY0tmMGlsTlkAAQAraHR0cHM6Ly93d3cueW91dHViZS5jb20vd2F0Y2g/dj12eXFjS2YwaWxOWQAHeW91dHViZQAAAAAAAAAA", "position": 0, "volume": 50}
2023-08-08 17:19:51.561  INFO 7976 --- [XNIO-1 task-2] lavalink.server.io.RequestLoggingFilter  : GET /v3/decodetrack?encodedTrack=QAAAawIACU5ldyBKZWFucwAITmV3SmVhbnMAAAAAAAGpyAALdnlxY0tmMGlsTlkAAQAraHR0cHM6Ly93d3cueW91dHViZS5jb20vd2F0Y2g/dj12eXFjS2YwaWxOWQAHeW91dHViZQAAAAAAAAAA, client=0:0:0:0:0:0:0:1
2023-08-08 17:19:56.562  INFO 7976 --- [XNIO-1 task-1] lavalink.server.io.RequestLoggingFilter  : PATCH /v3/sessions/e6nff6z95ghvcmke/players/1134166694986780783, client=0:0:0:0:0:0:0:1, payload={"encodedTrack": null}
2023-08-08 17:19:56.566  INFO 7976 --- [XNIO-1 task-2] lavalink.server.io.RequestLoggingFilter  : GET /v3/decodetrack?encodedTrack=QAAAawIACU5ldyBKZWFucwAITmV3SmVhbnMAAAAAAAGpyAALdnlxY0tmMGlsTlkAAQAraHR0cHM6Ly93d3cueW91dHViZS5jb20vd2F0Y2g/dj12eXFjS2YwaWxOWQAHeW91dHViZQAAAAAAABDM, client=127.0.0.1
2023-08-08 17:24:32.125  INFO 7976 --- [XNIO-1 I/O-3] lavalink.server.io.SocketServer          : Connection closed from /0:0:0:0:0:0:0:1:56294 -- CloseStatus[code=1006, reason=]
2023-08-08 17:24:32.125  INFO 7976 --- [XNIO-1 I/O-3] lavalink.server.io.SocketContext         : Shutting down 0 playing players.
2023-08-08 17:28:17.273  INFO 7976 --- [XNIO-1 task-2] l.server.io.HandshakeInterceptorImpl     : Incoming connection from /0:0:0:0:0:0:0:1:56348
2023-08-08 17:28:17.288  INFO 7976 --- [XNIO-1 task-2] lavalink.server.io.RequestLoggingFilter  : GET /, client=0:0:0:0:0:0:0:1
2023-08-08 17:28:17.296  INFO 7976 --- [XNIO-1 task-2] lavalink.server.io.SocketServer          : Connection successfully established from Wavelink/2.6.2
2023-08-08 17:28:17.300  INFO 7976 --- [XNIO-1 task-1] lavalink.server.io.RequestLoggingFilter  : GET /version, client=127.0.0.1
2023-08-08 17:28:26.504  INFO 7976 --- [XNIO-1 task-1] l.server.player.AudioLoaderRestHandler   : Got request to load for identifier "https://www.youtube.com/playlist?list=PLyJLW0IDP1Rkvu3KpajIKb1FAhwoWmcwJ"
2023-08-08 17:28:26.506  INFO 7976 --- [lava-daemon-pool-info-loader-2-thread-1] c.s.d.l.s.y.YoutubeAccessTokenTracker    : Updating YouTube visitor id (current is CgtDNnNETmFoRGdhRSjl0smmBjIICgJHQhICGgA%3D).
2023-08-08 17:28:26.635  INFO 7976 --- [lava-daemon-pool-info-loader-2-thread-1] c.s.d.l.s.y.YoutubeAccessTokenTracker    : Updating YouTube visitor id succeeded, new one is Cgs2eGljV1dBYUQwSSiq2smmBg%3D%3D, next update will be after 600 seconds.
2023-08-08 17:28:26.821  INFO 7976 --- [lava-daemon-pool-info-loader-2-thread-1] lavalink.server.player.AudioLoader       : Loaded playlist new jeans
2023-08-08 17:28:26.871  INFO 7976 --- [XNIO-1 task-1] lavalink.server.io.RequestLoggingFilter  : GET /v3/loadtracks?identifier=https://www.youtube.com/playlist?list%3DPLyJLW0IDP1Rkvu3KpajIKb1FAhwoWmcwJ, client=127.0.0.1
2023-08-08 17:28:26.878  INFO 7976 --- [XNIO-1 task-1] l.server.player.AudioLoaderRestHandler   : Got request to load for identifier "https://www.youtube.com/playlist?list=PLyJLW0IDP1Rkvu3KpajIKb1FAhwoWmcwJ"
2023-08-08 17:28:27.079  INFO 7976 --- [lava-daemon-pool-info-loader-2-thread-1] lavalink.server.player.AudioLoader       : Loaded playlist new jeans
2023-08-08 17:28:27.085  INFO 7976 --- [XNIO-1 task-1] lavalink.server.io.RequestLoggingFilter  : GET /v3/loadtracks?identifier=https://www.youtube.com/playlist?list%3DPLyJLW0IDP1Rkvu3KpajIKb1FAhwoWmcwJ, client=127.0.0.1
2023-08-08 17:28:27.128  INFO 7976 --- [XNIO-1 task-2] lavalink.server.io.RequestLoggingFilter  : GET /v3/decodetrack?encodedTrack=QAAAiwIAJk5ld0plYW5zICjribTsp4TsiqQpICdFVEEnIE9mZmljaWFsIE1WAAtIWUJFIExBQkVMUwAAAAAAA0%2BoAAtqT1RmQmxLU1FZWQABACtodHRwczovL3d3dy55b3V0dWJlLmNvbS93YXRjaD92PWpPVGZCbEtTUVlZAAd5b3V0dWJlAAAAAAAAAAA%3D, client=0:0:0:0:0:0:0:1
2023-08-08 17:28:27.134  INFO 7976 --- [XNIO-1 task-1] lavalink.server.io.RequestLoggingFilter  : PATCH /v3/sessions/ftl3oi7u17i3yxjv/players/1134166694986780783?noReplace=False, client=127.0.0.1, payload={"encodedTrack": "QAAAiwIAJk5ld0plYW5zICjribTsp4TsiqQpICdFVEEnIE9mZmljaWFsIE1WAAtIWUJFIExBQkVMUwAAAAAAA0+oAAtqT1RmQmxLU1FZWQABACtodHRwczovL3d3dy55b3V0dWJlLmNvbS93YXRjaD92PWpPVGZCbEtTUVlZAAd5b3V0dWJlAAAAAAAAAAA=", "position": 0, "volume": 50}
2023-08-08 17:28:28.077  INFO 7976 --- [XNIO-1 task-1] lavalink.server.io.RequestLoggingFilter  : PATCH /v3/sessions/ftl3oi7u17i3yxjv/players/1134166694986780783, client=127.0.0.1, payload={"voice": {"sessionId": "482408e79c31db8d8b39354915f74e45", "token": "ee0506efaaaa5258", "endpoint": "rotterdam1060.discord.media:443"}}
2023-08-08 17:32:05.183  INFO 7976 --- [XNIO-1 task-1] lavalink.server.io.RequestLoggingFilter  : GET /v3/decodetrack?encodedTrack=QAAAiwIAJk5ld0plYW5zICjribTsp4TsiqQpICdFVEEnIE9mZmljaWFsIE1WAAtIWUJFIExBQkVMUwAAAAAAA0%2BoAAtqT1RmQmxLU1FZWQABACtodHRwczovL3d3dy55b3V0dWJlLmNvbS93YXRjaD92PWpPVGZCbEtTUVlZAAd5b3V0dWJlAAAAAAADTkA%3D, client=0:0:0:0:0:0:0:1
2023-08-08 17:32:31.640  INFO 7976 --- [XNIO-1 I/O-1] lavalink.server.io.SocketServer          : Connection closed from /0:0:0:0:0:0:0:1:56348 -- CloseStatus[code=1006, reason=]
2023-08-08 17:32:31.641  INFO 7976 --- [XNIO-1 I/O-1] lavalink.server.io.SocketContext         : Shutting down 0 playing players.
2023-08-08 17:32:38.623  INFO 7976 --- [XNIO-1 task-1] l.server.io.HandshakeInterceptorImpl     : Incoming connection from /0:0:0:0:0:0:0:1:56390
2023-08-08 17:32:38.632  INFO 7976 --- [XNIO-1 task-1] lavalink.server.io.RequestLoggingFilter  : GET /, client=0:0:0:0:0:0:0:1
2023-08-08 17:32:38.637  INFO 7976 --- [XNIO-1 task-1] lavalink.server.io.SocketServer          : Connection successfully established from Wavelink/2.6.2
2023-08-08 17:32:38.644  INFO 7976 --- [XNIO-1 task-1] lavalink.server.io.RequestLoggingFilter  : GET /version, client=127.0.0.1
2023-08-08 17:32:48.622  INFO 7976 --- [XNIO-1 task-1] l.server.player.AudioLoaderRestHandler   : Got request to load for identifier "https://www.youtube.com/playlist?list=PLyJLW0IDP1Rkvu3KpajIKb1FAhwoWmcwJ"
2023-08-08 17:32:48.892  INFO 7976 --- [lava-daemon-pool-info-loader-2-thread-1] lavalink.server.player.AudioLoader       : Loaded playlist new jeans
2023-08-08 17:32:48.988  INFO 7976 --- [XNIO-1 task-1] lavalink.server.io.RequestLoggingFilter  : GET /v3/loadtracks?identifier=https://www.youtube.com/playlist?list%3DPLyJLW0IDP1Rkvu3KpajIKb1FAhwoWmcwJ, client=127.0.0.1
2023-08-08 17:32:48.993  INFO 7976 --- [XNIO-1 task-1] l.server.player.AudioLoaderRestHandler   : Got request to load for identifier "https://www.youtube.com/playlist?list=PLyJLW0IDP1Rkvu3KpajIKb1FAhwoWmcwJ"
2023-08-08 17:32:49.301  INFO 7976 --- [lava-daemon-pool-info-loader-2-thread-1] lavalink.server.player.AudioLoader       : Loaded playlist new jeans
2023-08-08 17:32:49.308  INFO 7976 --- [XNIO-1 task-1] lavalink.server.io.RequestLoggingFilter  : GET /v3/loadtracks?identifier=https://www.youtube.com/playlist?list%3DPLyJLW0IDP1Rkvu3KpajIKb1FAhwoWmcwJ, client=127.0.0.1
2023-08-08 17:32:49.331  INFO 7976 --- [XNIO-1 task-2] lavalink.server.io.RequestLoggingFilter  : GET /v3/decodetrack?encodedTrack=QAAAiwIAJk5ld0plYW5zICjribTsp4TsiqQpICdFVEEnIE9mZmljaWFsIE1WAAtIWUJFIExBQkVMUwAAAAAAA0%2BoAAtqT1RmQmxLU1FZWQABACtodHRwczovL3d3dy55b3V0dWJlLmNvbS93YXRjaD92PWpPVGZCbEtTUVlZAAd5b3V0dWJlAAAAAAAAAAA%3D, client=0:0:0:0:0:0:0:1
2023-08-08 17:32:49.337  INFO 7976 --- [XNIO-1 task-1] lavalink.server.io.RequestLoggingFilter  : PATCH /v3/sessions/c1js4m7smqa82fb0/players/1134166694986780783?noReplace=False, client=127.0.0.1, payload={"encodedTrack": "QAAAiwIAJk5ld0plYW5zICjribTsp4TsiqQpICdFVEEnIE9mZmljaWFsIE1WAAtIWUJFIExBQkVMUwAAAAAAA0+oAAtqT1RmQmxLU1FZWQABACtodHRwczovL3d3dy55b3V0dWJlLmNvbS93YXRjaD92PWpPVGZCbEtTUVlZAAd5b3V0dWJlAAAAAAAAAAA=", "position": 0, "volume": 50}
2023-08-08 17:32:50.005  INFO 7976 --- [XNIO-1 task-1] lavalink.server.io.RequestLoggingFilter  : PATCH /v3/sessions/c1js4m7smqa82fb0/players/1134166694986780783, client=127.0.0.1, payload={"voice": {"sessionId": "62dea1fa98f3cd658a861a7df6c68d3d", "token": "7383ce417de54636", "endpoint": "rotterdam1060.discord.media:443"}}
2023-08-08 17:33:17.920  INFO 7976 --- [XNIO-1 task-1] lavalink.server.io.RequestLoggingFilter  : PATCH /v3/sessions/c1js4m7smqa82fb0/players/1134166694986780783, client=0:0:0:0:0:0:0:1, payload={"encodedTrack": null}
2023-08-08 17:33:17.927  INFO 7976 --- [XNIO-1 task-2] lavalink.server.io.RequestLoggingFilter  : GET /v3/decodetrack?encodedTrack=QAAAiwIAJk5ld0plYW5zICjribTsp4TsiqQpICdFVEEnIE9mZmljaWFsIE1WAAtIWUJFIExBQkVMUwAAAAAAA0%2BoAAtqT1RmQmxLU1FZWQABACtodHRwczovL3d3dy55b3V0dWJlLmNvbS93YXRjaD92PWpPVGZCbEtTUVlZAAd5b3V0dWJlAAAAAAAAadw%3D, client=127.0.0.1
2023-08-08 17:33:17.932  INFO 7976 --- [XNIO-1 task-2] lavalink.server.io.RequestLoggingFilter  : PATCH /v3/sessions/c1js4m7smqa82fb0/players/1134166694986780783?noReplace=False, client=127.0.0.1, payload={"encodedTrack": "QAAAngIAOU5ld0plYW5zICjribTsp4TsiqQpICdDb29sIFdpdGggWW91JyBPZmZpY2lhbCBNViAoc2lkZSBBKQALSFlCRSBMQUJFTFMAAAAAAAOpgAALenNZU1NWb1FuUDQAAQAraHR0cHM6Ly93d3cueW91dHViZS5jb20vd2F0Y2g/dj16c1lTU1ZvUW5QNAAHeW91dHViZQAAAAAAAAAA", "position": 0, "volume": 50}
2023-08-08 17:33:17.936  INFO 7976 --- [XNIO-1 task-1] lavalink.server.io.RequestLoggingFilter  : GET /v3/decodetrack?encodedTrack=QAAAngIAOU5ld0plYW5zICjribTsp4TsiqQpICdDb29sIFdpdGggWW91JyBPZmZpY2lhbCBNViAoc2lkZSBBKQALSFlCRSBMQUJFTFMAAAAAAAOpgAALenNZU1NWb1FuUDQAAQAraHR0cHM6Ly93d3cueW91dHViZS5jb20vd2F0Y2g/dj16c1lTU1ZvUW5QNAAHeW91dHViZQAAAAAAAAAA, client=0:0:0:0:0:0:0:1
2023-08-08 17:33:26.562  INFO 7976 --- [XNIO-1 task-1] lavalink.server.io.RequestLoggingFilter  : PATCH /v3/sessions/c1js4m7smqa82fb0/players/1134166694986780783, client=0:0:0:0:0:0:0:1, payload={"encodedTrack": null}
2023-08-08 17:33:26.580  INFO 7976 --- [XNIO-1 task-2] lavalink.server.io.RequestLoggingFilter  : GET /v3/decodetrack?encodedTrack=QAAAngIAOU5ld0plYW5zICjribTsp4TsiqQpICdDb29sIFdpdGggWW91JyBPZmZpY2lhbCBNViAoc2lkZSBBKQALSFlCRSBMQUJFTFMAAAAAAAOpgAALenNZU1NWb1FuUDQAAQAraHR0cHM6Ly93d3cueW91dHViZS5jb20vd2F0Y2g/dj16c1lTU1ZvUW5QNAAHeW91dHViZQAAAAAAACGE, client=127.0.0.1
2023-08-08 17:33:26.597  INFO 7976 --- [XNIO-1 task-2] lavalink.server.io.RequestLoggingFilter  : PATCH /v3/sessions/c1js4m7smqa82fb0/players/1134166694986780783?noReplace=False, client=127.0.0.1, payload={"encodedTrack": "QAAAawIACU5ldyBKZWFucwAITmV3SmVhbnMAAAAAAAGpyAALdnlxY0tmMGlsTlkAAQAraHR0cHM6Ly93d3cueW91dHViZS5jb20vd2F0Y2g/dj12eXFjS2YwaWxOWQAHeW91dHViZQAAAAAAAAAA", "position": 0, "volume": 50}
2023-08-08 17:33:26.610  INFO 7976 --- [XNIO-1 task-1] lavalink.server.io.RequestLoggingFilter  : GET /v3/decodetrack?encodedTrack=QAAAawIACU5ldyBKZWFucwAITmV3SmVhbnMAAAAAAAGpyAALdnlxY0tmMGlsTlkAAQAraHR0cHM6Ly93d3cueW91dHViZS5jb20vd2F0Y2g/dj12eXFjS2YwaWxOWQAHeW91dHViZQAAAAAAAAAA, client=0:0:0:0:0:0:0:1
2023-08-08 17:33:31.971  INFO 7976 --- [XNIO-1 task-1] lavalink.server.io.RequestLoggingFilter  : PATCH /v3/sessions/c1js4m7smqa82fb0/players/1134166694986780783, client=0:0:0:0:0:0:0:1, payload={"encodedTrack": null}
2023-08-08 17:33:31.986  INFO 7976 --- [XNIO-1 task-2] lavalink.server.io.RequestLoggingFilter  : GET /v3/decodetrack?encodedTrack=QAAAawIACU5ldyBKZWFucwAITmV3SmVhbnMAAAAAAAGpyAALdnlxY0tmMGlsTlkAAQAraHR0cHM6Ly93d3cueW91dHViZS5jb20vd2F0Y2g/dj12eXFjS2YwaWxOWQAHeW91dHViZQAAAAAAABSg, client=127.0.0.1
2023-08-08 17:33:35.170  INFO 7976 --- [XNIO-1 task-2] lavalink.server.io.RequestLoggingFilter  : DELETE /v3/sessions/c1js4m7smqa82fb0/players/1134166694986780783, client=127.0.0.1
2023-08-08 17:33:38.753  INFO 7976 --- [XNIO-1 I/O-6] lavalink.server.io.SocketServer          : Connection closed from /0:0:0:0:0:0:0:1:56390 -- CloseStatus[code=1006, reason=]
2023-08-08 17:33:38.753  INFO 7976 --- [XNIO-1 I/O-6] lavalink.server.io.SocketContext         : Shutting down 0 playing players.
2023-08-08 17:35:10.833  INFO 7976 --- [XNIO-1 task-2] l.server.io.HandshakeInterceptorImpl     : Incoming connection from /0:0:0:0:0:0:0:1:56417
2023-08-08 17:35:10.836  INFO 7976 --- [XNIO-1 task-2] lavalink.server.io.RequestLoggingFilter  : GET /, client=0:0:0:0:0:0:0:1
2023-08-08 17:35:10.840  INFO 7976 --- [XNIO-1 task-2] lavalink.server.io.SocketServer          : Connection successfully established from Wavelink/2.6.2
2023-08-08 17:35:10.842  INFO 7976 --- [XNIO-1 task-1] lavalink.server.io.RequestLoggingFilter  : GET /version, client=127.0.0.1
2023-08-08 17:35:21.035  INFO 7976 --- [XNIO-1 task-1] l.server.player.AudioLoaderRestHandler   : Got request to load for identifier "https://www.youtube.com/playlist?list=PLyJLW0IDP1Rkvu3KpajIKb1FAhwoWmcwJ"
2023-08-08 17:35:21.213  INFO 7976 --- [lava-daemon-pool-info-loader-2-thread-1] lavalink.server.player.AudioLoader       : Loaded playlist new jeans
2023-08-08 17:35:21.236  INFO 7976 --- [XNIO-1 task-1] lavalink.server.io.RequestLoggingFilter  : GET /v3/loadtracks?identifier=https://www.youtube.com/playlist?list%3DPLyJLW0IDP1Rkvu3KpajIKb1FAhwoWmcwJ, client=127.0.0.1
2023-08-08 17:35:21.241  INFO 7976 --- [XNIO-1 task-1] l.server.player.AudioLoaderRestHandler   : Got request to load for identifier "https://www.youtube.com/playlist?list=PLyJLW0IDP1Rkvu3KpajIKb1FAhwoWmcwJ"
2023-08-08 17:35:21.396  INFO 7976 --- [lava-daemon-pool-info-loader-2-thread-1] lavalink.server.player.AudioLoader       : Loaded playlist new jeans
2023-08-08 17:35:21.402  INFO 7976 --- [XNIO-1 task-1] lavalink.server.io.RequestLoggingFilter  : GET /v3/loadtracks?identifier=https://www.youtube.com/playlist?list%3DPLyJLW0IDP1Rkvu3KpajIKb1FAhwoWmcwJ, client=127.0.0.1
2023-08-08 17:35:21.429  INFO 7976 --- [XNIO-1 task-1] lavalink.server.io.RequestLoggingFilter  : PATCH /v3/sessions/8nr7lxp9yev0kejv/players/1134166694986780783?noReplace=False, client=127.0.0.1, payload={"encodedTrack": "QAAAiwIAJk5ld0plYW5zICjribTsp4TsiqQpICdFVEEnIE9mZmljaWFsIE1WAAtIWUJFIExBQkVMUwAAAAAAA0+oAAtqT1RmQmxLU1FZWQABACtodHRwczovL3d3dy55b3V0dWJlLmNvbS93YXRjaD92PWpPVGZCbEtTUVlZAAd5b3V0dWJlAAAAAAAAAAA=", "position": 0, "volume": 50}
2023-08-08 17:35:21.438  INFO 7976 --- [XNIO-1 task-2] lavalink.server.io.RequestLoggingFilter  : GET /v3/decodetrack?encodedTrack=QAAAiwIAJk5ld0plYW5zICjribTsp4TsiqQpICdFVEEnIE9mZmljaWFsIE1WAAtIWUJFIExBQkVMUwAAAAAAA0%2BoAAtqT1RmQmxLU1FZWQABACtodHRwczovL3d3dy55b3V0dWJlLmNvbS93YXRjaD92PWpPVGZCbEtTUVlZAAd5b3V0dWJlAAAAAAAAAAA%3D, client=0:0:0:0:0:0:0:1
2023-08-08 17:35:21.833  INFO 7976 --- [XNIO-1 task-2] lavalink.server.io.RequestLoggingFilter  : PATCH /v3/sessions/8nr7lxp9yev0kejv/players/1134166694986780783, client=0:0:0:0:0:0:0:1, payload={"voice": {"sessionId": "8e10b9988328f3a755a8f170a976df2b", "token": "ac20f475249e3c83", "endpoint": "rotterdam1060.discord.media:443"}}
2023-08-08 17:36:43.889  INFO 7976 --- [XNIO-1 I/O-4] lavalink.server.io.SocketServer          : Connection closed from /0:0:0:0:0:0:0:1:56417 -- CloseStatus[code=1006, reason=]
2023-08-08 17:36:43.890  INFO 7976 --- [XNIO-1 I/O-4] lavalink.server.io.SocketContext         : Shutting down 1 playing players.
2023-08-08 17:36:51.019  INFO 7976 --- [XNIO-1 task-2] l.server.io.HandshakeInterceptorImpl     : Incoming connection from /0:0:0:0:0:0:0:1:56434
2023-08-08 17:36:51.027  INFO 7976 --- [XNIO-1 task-2] lavalink.server.io.RequestLoggingFilter  : GET /, client=0:0:0:0:0:0:0:1
2023-08-08 17:36:51.031  INFO 7976 --- [XNIO-1 task-2] lavalink.server.io.SocketServer          : Connection successfully established from Wavelink/2.6.2
2023-08-08 17:36:51.036  INFO 7976 --- [XNIO-1 task-1] lavalink.server.io.RequestLoggingFilter  : GET /version, client=127.0.0.1
2023-08-08 17:36:51.802  INFO 7976 --- [XNIO-1 task-1] l.server.player.AudioLoaderRestHandler   : Got request to load for identifier "https://www.youtube.com/playlist?list=PLyJLW0IDP1Rkvu3KpajIKb1FAhwoWmcwJ"
2023-08-08 17:36:51.975  INFO 7976 --- [lava-daemon-pool-info-loader-2-thread-1] lavalink.server.player.AudioLoader       : Loaded playlist new jeans
2023-08-08 17:36:52.002  INFO 7976 --- [XNIO-1 task-1] lavalink.server.io.RequestLoggingFilter  : GET /v3/loadtracks?identifier=https://www.youtube.com/playlist?list%3DPLyJLW0IDP1Rkvu3KpajIKb1FAhwoWmcwJ, client=127.0.0.1
2023-08-08 17:36:52.007  INFO 7976 --- [XNIO-1 task-1] l.server.player.AudioLoaderRestHandler   : Got request to load for identifier "https://www.youtube.com/playlist?list=PLyJLW0IDP1Rkvu3KpajIKb1FAhwoWmcwJ"
2023-08-08 17:36:52.193  INFO 7976 --- [lava-daemon-pool-info-loader-2-thread-1] lavalink.server.player.AudioLoader       : Loaded playlist new jeans
2023-08-08 17:36:52.202  INFO 7976 --- [XNIO-1 task-1] lavalink.server.io.RequestLoggingFilter  : GET /v3/loadtracks?identifier=https://www.youtube.com/playlist?list%3DPLyJLW0IDP1Rkvu3KpajIKb1FAhwoWmcwJ, client=127.0.0.1
2023-08-08 17:36:52.240  INFO 7976 --- [XNIO-1 task-1] lavalink.server.io.RequestLoggingFilter  : PATCH /v3/sessions/mnlae2rvovbchpgy/players/1134166694986780783?noReplace=False, client=127.0.0.1, payload={"encodedTrack": "QAAAiwIAJk5ld0plYW5zICjribTsp4TsiqQpICdFVEEnIE9mZmljaWFsIE1WAAtIWUJFIExBQkVMUwAAAAAAA0+oAAtqT1RmQmxLU1FZWQABACtodHRwczovL3d3dy55b3V0dWJlLmNvbS93YXRjaD92PWpPVGZCbEtTUVlZAAd5b3V0dWJlAAAAAAAAAAA=", "position": 0, "volume": 50}
2023-08-08 17:36:52.242  INFO 7976 --- [XNIO-1 task-2] lavalink.server.io.RequestLoggingFilter  : GET /v3/decodetrack?encodedTrack=QAAAiwIAJk5ld0plYW5zICjribTsp4TsiqQpICdFVEEnIE9mZmljaWFsIE1WAAtIWUJFIExBQkVMUwAAAAAAA0%2BoAAtqT1RmQmxLU1FZWQABACtodHRwczovL3d3dy55b3V0dWJlLmNvbS93YXRjaD92PWpPVGZCbEtTUVlZAAd5b3V0dWJlAAAAAAAAAAA%3D, client=0:0:0:0:0:0:0:1
2023-08-08 17:36:53.595  INFO 7976 --- [XNIO-1 task-2] lavalink.server.io.RequestLoggingFilter  : PATCH /v3/sessions/mnlae2rvovbchpgy/players/1134166694986780783, client=0:0:0:0:0:0:0:1, payload={"voice": {"sessionId": "941e575a15bb2b009d83897f908b5099", "token": "aebdb9668435b4e5", "endpoint": "rotterdam1060.discord.media:443"}}
2023-08-08 17:37:07.814  INFO 7976 --- [XNIO-1 I/O-4] lavalink.server.io.SocketServer          : Connection closed from /0:0:0:0:0:0:0:1:56434 -- CloseStatus[code=1006, reason=]
2023-08-08 17:37:07.816  INFO 7976 --- [XNIO-1 I/O-4] lavalink.server.io.SocketContext         : Shutting down 1 playing players.
2023-08-08 17:37:51.164  INFO 7976 --- [XNIO-1 task-2] l.server.io.HandshakeInterceptorImpl     : Incoming connection from /0:0:0:0:0:0:0:1:56446
2023-08-08 17:37:51.167  INFO 7976 --- [XNIO-1 task-2] lavalink.server.io.RequestLoggingFilter  : GET /, client=0:0:0:0:0:0:0:1
2023-08-08 17:37:51.173  INFO 7976 --- [XNIO-1 task-2] lavalink.server.io.SocketServer          : Connection successfully established from Wavelink/2.6.2
2023-08-08 17:37:51.181  INFO 7976 --- [XNIO-1 task-1] lavalink.server.io.RequestLoggingFilter  : GET /version, client=127.0.0.1
2023-08-08 17:37:52.201  INFO 7976 --- [XNIO-1 task-2] l.server.player.AudioLoaderRestHandler   : Got request to load for identifier "https://www.youtube.com/playlist?list=PLyJLW0IDP1Rkvu3KpajIKb1FAhwoWmcwJ"
2023-08-08 17:37:52.405  INFO 7976 --- [lava-daemon-pool-info-loader-2-thread-1] lavalink.server.player.AudioLoader       : Loaded playlist new jeans
2023-08-08 17:37:52.467  INFO 7976 --- [XNIO-1 task-2] lavalink.server.io.RequestLoggingFilter  : GET /v3/loadtracks?identifier=https://www.youtube.com/playlist?list%3DPLyJLW0IDP1Rkvu3KpajIKb1FAhwoWmcwJ, client=127.0.0.1
2023-08-08 17:37:52.481  INFO 7976 --- [XNIO-1 task-2] l.server.player.AudioLoaderRestHandler   : Got request to load for identifier "https://www.youtube.com/playlist?list=PLyJLW0IDP1Rkvu3KpajIKb1FAhwoWmcwJ"
2023-08-08 17:37:52.811  INFO 7976 --- [lava-daemon-pool-info-loader-2-thread-1] lavalink.server.player.AudioLoader       : Loaded playlist new jeans
2023-08-08 17:37:52.814  INFO 7976 --- [XNIO-1 task-2] lavalink.server.io.RequestLoggingFilter  : GET /v3/loadtracks?identifier=https://www.youtube.com/playlist?list%3DPLyJLW0IDP1Rkvu3KpajIKb1FAhwoWmcwJ, client=127.0.0.1
2023-08-08 17:37:52.827  INFO 7976 --- [XNIO-1 task-1] lavalink.server.io.RequestLoggingFilter  : GET /v3/decodetrack?encodedTrack=QAAAiwIAJk5ld0plYW5zICjribTsp4TsiqQpICdFVEEnIE9mZmljaWFsIE1WAAtIWUJFIExBQkVMUwAAAAAAA0%2BoAAtqT1RmQmxLU1FZWQABACtodHRwczovL3d3dy55b3V0dWJlLmNvbS93YXRjaD92PWpPVGZCbEtTUVlZAAd5b3V0dWJlAAAAAAAAAAA%3D, client=0:0:0:0:0:0:0:1
2023-08-08 17:37:52.830  INFO 7976 --- [XNIO-1 task-2] lavalink.server.io.RequestLoggingFilter  : PATCH /v3/sessions/nsxm9qxjsdamf1q3/players/1134166694986780783?noReplace=False, client=127.0.0.1, payload={"encodedTrack": "QAAAiwIAJk5ld0plYW5zICjribTsp4TsiqQpICdFVEEnIE9mZmljaWFsIE1WAAtIWUJFIExBQkVMUwAAAAAAA0+oAAtqT1RmQmxLU1FZWQABACtodHRwczovL3d3dy55b3V0dWJlLmNvbS93YXRjaD92PWpPVGZCbEtTUVlZAAd5b3V0dWJlAAAAAAAAAAA=", "position": 0, "volume": 50}
2023-08-08 17:37:53.201  INFO 7976 --- [XNIO-1 task-2] lavalink.server.io.RequestLoggingFilter  : PATCH /v3/sessions/nsxm9qxjsdamf1q3/players/1134166694986780783, client=127.0.0.1, payload={"voice": {"sessionId": "4e1cd343ae7938d251359f310e099418", "token": "dc30f98ef69ccca4", "endpoint": "rotterdam1060.discord.media:443"}}
2023-08-08 17:37:59.931  INFO 7976 --- [XNIO-1 I/O-5] lavalink.server.io.SocketServer          : Connection closed from /0:0:0:0:0:0:0:1:56446 -- CloseStatus[code=1006, reason=]
2023-08-08 17:37:59.932  INFO 7976 --- [XNIO-1 I/O-5] lavalink.server.io.SocketContext         : Shutting down 1 playing players.
2023-08-08 17:39:27.056  INFO 7976 --- [XNIO-1 task-2] l.server.io.HandshakeInterceptorImpl     : Incoming connection from /0:0:0:0:0:0:0:1:56463
2023-08-08 17:39:27.058  INFO 7976 --- [XNIO-1 task-2] lavalink.server.io.RequestLoggingFilter  : GET /, client=0:0:0:0:0:0:0:1
2023-08-08 17:39:27.062  INFO 7976 --- [XNIO-1 task-2] lavalink.server.io.SocketServer          : Connection successfully established from Wavelink/2.6.2
2023-08-08 17:39:27.068  INFO 7976 --- [XNIO-1 task-1] lavalink.server.io.RequestLoggingFilter  : GET /version, client=127.0.0.1
2023-08-08 17:39:34.903  INFO 7976 --- [XNIO-1 task-1] l.server.player.AudioLoaderRestHandler   : Got request to load for identifier "https://www.youtube.com/playlist?list=PLyJLW0IDP1Rkvu3KpajIKb1FAhwoWmcwJ"
2023-08-08 17:39:34.905  INFO 7976 --- [lava-daemon-pool-info-loader-2-thread-1] c.s.d.l.s.y.YoutubeAccessTokenTracker    : Updating YouTube visitor id (current is Cgs2eGljV1dBYUQwSSiq2smmBg%3D%3D).
2023-08-08 17:39:34.953  INFO 7976 --- [lava-daemon-pool-info-loader-2-thread-1] c.s.d.l.s.y.YoutubeAccessTokenTracker    : Updating YouTube visitor id succeeded, new one is CgtiQ2tPYUhQZWZnTSjH38mmBg%3D%3D, next update will be after 600 seconds.
2023-08-08 17:39:35.109  INFO 7976 --- [lava-daemon-pool-info-loader-2-thread-1] lavalink.server.player.AudioLoader       : Loaded playlist new jeans
2023-08-08 17:39:35.137  INFO 7976 --- [XNIO-1 task-1] lavalink.server.io.RequestLoggingFilter  : GET /v3/loadtracks?identifier=https://www.youtube.com/playlist?list%3DPLyJLW0IDP1Rkvu3KpajIKb1FAhwoWmcwJ, client=127.0.0.1
2023-08-08 17:39:35.143  INFO 7976 --- [XNIO-1 task-1] l.server.player.AudioLoaderRestHandler   : Got request to load for identifier "https://www.youtube.com/playlist?list=PLyJLW0IDP1Rkvu3KpajIKb1FAhwoWmcwJ"
2023-08-08 17:39:35.298  INFO 7976 --- [lava-daemon-pool-info-loader-2-thread-1] lavalink.server.player.AudioLoader       : Loaded playlist new jeans
2023-08-08 17:39:35.305  INFO 7976 --- [XNIO-1 task-1] lavalink.server.io.RequestLoggingFilter  : GET /v3/loadtracks?identifier=https://www.youtube.com/playlist?list%3DPLyJLW0IDP1Rkvu3KpajIKb1FAhwoWmcwJ, client=127.0.0.1
2023-08-08 17:39:35.322  INFO 7976 --- [XNIO-1 task-2] lavalink.server.io.RequestLoggingFilter  : GET /v3/decodetrack?encodedTrack=QAAAiwIAJk5ld0plYW5zICjribTsp4TsiqQpICdFVEEnIE9mZmljaWFsIE1WAAtIWUJFIExBQkVMUwAAAAAAA0%2BoAAtqT1RmQmxLU1FZWQABACtodHRwczovL3d3dy55b3V0dWJlLmNvbS93YXRjaD92PWpPVGZCbEtTUVlZAAd5b3V0dWJlAAAAAAAAAAA%3D, client=0:0:0:0:0:0:0:1
2023-08-08 17:39:35.330  INFO 7976 --- [XNIO-1 task-1] lavalink.server.io.RequestLoggingFilter  : PATCH /v3/sessions/is77p1shmyifviao/players/1134166694986780783?noReplace=False, client=127.0.0.1, payload={"encodedTrack": "QAAAiwIAJk5ld0plYW5zICjribTsp4TsiqQpICdFVEEnIE9mZmljaWFsIE1WAAtIWUJFIExBQkVMUwAAAAAAA0+oAAtqT1RmQmxLU1FZWQABACtodHRwczovL3d3dy55b3V0dWJlLmNvbS93YXRjaD92PWpPVGZCbEtTUVlZAAd5b3V0dWJlAAAAAAAAAAA=", "position": 0, "volume": 50}
2023-08-08 17:39:35.705  INFO 7976 --- [XNIO-1 task-1] lavalink.server.io.RequestLoggingFilter  : PATCH /v3/sessions/is77p1shmyifviao/players/1134166694986780783, client=127.0.0.1, payload={"voice": {"sessionId": "0d30efacf01e51af5bd0a3a77f76a688", "token": "9d097638d4bc39ee", "endpoint": "rotterdam1060.discord.media:443"}}
2023-08-08 17:40:46.515  INFO 7976 --- [XNIO-1 I/O-7] lavalink.server.io.SocketServer          : Connection closed from /0:0:0:0:0:0:0:1:56463 -- CloseStatus[code=1006, reason=]
2023-08-08 17:40:46.516  INFO 7976 --- [XNIO-1 I/O-7] lavalink.server.io.SocketContext         : Shutting down 1 playing players.
2023-08-08 17:40:53.780  INFO 7976 --- [XNIO-1 task-1] l.server.io.HandshakeInterceptorImpl     : Incoming connection from /0:0:0:0:0:0:0:1:56479
2023-08-08 17:40:53.784  INFO 7976 --- [XNIO-1 task-1] lavalink.server.io.RequestLoggingFilter  : GET /, client=0:0:0:0:0:0:0:1
2023-08-08 17:40:53.790  INFO 7976 --- [XNIO-1 task-1] lavalink.server.io.SocketServer          : Connection successfully established from Wavelink/2.6.2
2023-08-08 17:40:53.800  INFO 7976 --- [XNIO-1 task-2] lavalink.server.io.RequestLoggingFilter  : GET /version, client=127.0.0.1
2023-08-08 17:40:57.134  INFO 7976 --- [XNIO-1 task-2] l.server.player.AudioLoaderRestHandler   : Got request to load for identifier "https://www.youtube.com/playlist?list=PLyJLW0IDP1Rkvu3KpajIKb1FAhwoWmcwJ"
2023-08-08 17:40:57.338  INFO 7976 --- [lava-daemon-pool-info-loader-2-thread-1] lavalink.server.player.AudioLoader       : Loaded playlist new jeans
2023-08-08 17:40:57.370  INFO 7976 --- [XNIO-1 task-2] lavalink.server.io.RequestLoggingFilter  : GET /v3/loadtracks?identifier=https://www.youtube.com/playlist?list%3DPLyJLW0IDP1Rkvu3KpajIKb1FAhwoWmcwJ, client=127.0.0.1
2023-08-08 17:40:57.378  INFO 7976 --- [XNIO-1 task-2] l.server.player.AudioLoaderRestHandler   : Got request to load for identifier "https://www.youtube.com/playlist?list=PLyJLW0IDP1Rkvu3KpajIKb1FAhwoWmcwJ"
2023-08-08 17:40:57.752  INFO 7976 --- [lava-daemon-pool-info-loader-2-thread-1] lavalink.server.player.AudioLoader       : Loaded playlist new jeans
2023-08-08 17:40:57.762  INFO 7976 --- [XNIO-1 task-2] lavalink.server.io.RequestLoggingFilter  : GET /v3/loadtracks?identifier=https://www.youtube.com/playlist?list%3DPLyJLW0IDP1Rkvu3KpajIKb1FAhwoWmcwJ, client=127.0.0.1
2023-08-08 17:40:57.809  INFO 7976 --- [XNIO-1 task-2] lavalink.server.io.RequestLoggingFilter  : PATCH /v3/sessions/5vd8t9qkkk8hck2q/players/1134166694986780783?noReplace=False, client=127.0.0.1, payload={"encodedTrack": "QAAAiwIAJk5ld0plYW5zICjribTsp4TsiqQpICdFVEEnIE9mZmljaWFsIE1WAAtIWUJFIExBQkVMUwAAAAAAA0+oAAtqT1RmQmxLU1FZWQABACtodHRwczovL3d3dy55b3V0dWJlLmNvbS93YXRjaD92PWpPVGZCbEtTUVlZAAd5b3V0dWJlAAAAAAAAAAA=", "position": 0, "volume": 50}
2023-08-08 17:40:57.814  INFO 7976 --- [XNIO-1 task-1] lavalink.server.io.RequestLoggingFilter  : GET /v3/decodetrack?encodedTrack=QAAAiwIAJk5ld0plYW5zICjribTsp4TsiqQpICdFVEEnIE9mZmljaWFsIE1WAAtIWUJFIExBQkVMUwAAAAAAA0%2BoAAtqT1RmQmxLU1FZWQABACtodHRwczovL3d3dy55b3V0dWJlLmNvbS93YXRjaD92PWpPVGZCbEtTUVlZAAd5b3V0dWJlAAAAAAAAAAA%3D, client=0:0:0:0:0:0:0:1
2023-08-08 17:40:58.161  INFO 7976 --- [XNIO-1 task-1] lavalink.server.io.RequestLoggingFilter  : PATCH /v3/sessions/5vd8t9qkkk8hck2q/players/1134166694986780783, client=0:0:0:0:0:0:0:1, payload={"voice": {"sessionId": "9d56df819dd2c2e744c2c86214b9ff65", "token": "8d7551b1ba58c228", "endpoint": "rotterdam1060.discord.media:443"}}
2023-08-08 17:41:18.415  INFO 7976 --- [XNIO-1 task-1] lavalink.server.io.RequestLoggingFilter  : PATCH /v3/sessions/5vd8t9qkkk8hck2q/players/1134166694986780783, client=0:0:0:0:0:0:0:1, payload={"paused": true}
2023-08-08 17:41:58.072  INFO 7976 --- [XNIO-1 I/O-12] lavalink.server.io.SocketServer          : Connection closed from /0:0:0:0:0:0:0:1:56479 -- CloseStatus[code=1006, reason=]
2023-08-08 17:41:58.073  INFO 7976 --- [XNIO-1 I/O-12] lavalink.server.io.SocketContext         : Shutting down 0 playing players.
2023-08-08 17:42:06.120  INFO 7976 --- [XNIO-1 task-1] l.server.io.HandshakeInterceptorImpl     : Incoming connection from /0:0:0:0:0:0:0:1:56511
2023-08-08 17:42:06.125  INFO 7976 --- [XNIO-1 task-1] lavalink.server.io.RequestLoggingFilter  : GET /, client=0:0:0:0:0:0:0:1
2023-08-08 17:42:06.129  INFO 7976 --- [XNIO-1 task-1] lavalink.server.io.SocketServer          : Connection successfully established from Wavelink/2.6.2
2023-08-08 17:42:06.153  INFO 7976 --- [XNIO-1 task-2] lavalink.server.io.RequestLoggingFilter  : GET /version, client=127.0.0.1
2023-08-08 17:42:11.921  INFO 7976 --- [XNIO-1 task-2] l.server.player.AudioLoaderRestHandler   : Got request to load for identifier "https://www.youtube.com/playlist?list=PLyJLW0IDP1Rkvu3KpajIKb1FAhwoWmcwJ"
2023-08-08 17:42:12.089  INFO 7976 --- [lava-daemon-pool-info-loader-2-thread-1] lavalink.server.player.AudioLoader       : Loaded playlist new jeans
2023-08-08 17:42:12.163  INFO 7976 --- [XNIO-1 task-2] lavalink.server.io.RequestLoggingFilter  : GET /v3/loadtracks?identifier=https://www.youtube.com/playlist?list%3DPLyJLW0IDP1Rkvu3KpajIKb1FAhwoWmcwJ, client=127.0.0.1
2023-08-08 17:42:12.180  INFO 7976 --- [XNIO-1 task-2] l.server.player.AudioLoaderRestHandler   : Got request to load for identifier "https://www.youtube.com/playlist?list=PLyJLW0IDP1Rkvu3KpajIKb1FAhwoWmcwJ"
2023-08-08 17:42:12.567  INFO 7976 --- [lava-daemon-pool-info-loader-2-thread-1] lavalink.server.player.AudioLoader       : Loaded playlist new jeans
2023-08-08 17:42:12.571  INFO 7976 --- [XNIO-1 task-2] lavalink.server.io.RequestLoggingFilter  : GET /v3/loadtracks?identifier=https://www.youtube.com/playlist?list%3DPLyJLW0IDP1Rkvu3KpajIKb1FAhwoWmcwJ, client=127.0.0.1
2023-08-08 17:42:12.588  INFO 7976 --- [XNIO-1 task-1] lavalink.server.io.RequestLoggingFilter  : GET /v3/decodetrack?encodedTrack=QAAAiwIAJk5ld0plYW5zICjribTsp4TsiqQpICdFVEEnIE9mZmljaWFsIE1WAAtIWUJFIExBQkVMUwAAAAAAA0%2BoAAtqT1RmQmxLU1FZWQABACtodHRwczovL3d3dy55b3V0dWJlLmNvbS93YXRjaD92PWpPVGZCbEtTUVlZAAd5b3V0dWJlAAAAAAAAAAA%3D, client=0:0:0:0:0:0:0:1
2023-08-08 17:42:12.591  INFO 7976 --- [XNIO-1 task-2] lavalink.server.io.RequestLoggingFilter  : PATCH /v3/sessions/3r9iftbxpeudm5gd/players/1134166694986780783?noReplace=False, client=127.0.0.1, payload={"encodedTrack": "QAAAiwIAJk5ld0plYW5zICjribTsp4TsiqQpICdFVEEnIE9mZmljaWFsIE1WAAtIWUJFIExBQkVMUwAAAAAAA0+oAAtqT1RmQmxLU1FZWQABACtodHRwczovL3d3dy55b3V0dWJlLmNvbS93YXRjaD92PWpPVGZCbEtTUVlZAAd5b3V0dWJlAAAAAAAAAAA=", "position": 0, "volume": 50}
2023-08-08 17:42:13.005  INFO 7976 --- [XNIO-1 task-2] lavalink.server.io.RequestLoggingFilter  : PATCH /v3/sessions/3r9iftbxpeudm5gd/players/1134166694986780783, client=127.0.0.1, payload={"voice": {"sessionId": "8fba9cf8602bfbc16d08eaec0efdf3be", "token": "0466d012d410cef5", "endpoint": "rotterdam1060.discord.media:443"}}
2023-08-08 17:45:49.898  INFO 7976 --- [XNIO-1 task-2] lavalink.server.io.RequestLoggingFilter  : GET /v3/decodetrack?encodedTrack=QAAAiwIAJk5ld0plYW5zICjribTsp4TsiqQpICdFVEEnIE9mZmljaWFsIE1WAAtIWUJFIExBQkVMUwAAAAAAA0%2BoAAtqT1RmQmxLU1FZWQABACtodHRwczovL3d3dy55b3V0dWJlLmNvbS93YXRjaD92PWpPVGZCbEtTUVlZAAd5b3V0dWJlAAAAAAADTkA%3D, client=0:0:0:0:0:0:0:1
2023-08-08 17:45:49.953  INFO 7976 --- [XNIO-1 task-1] lavalink.server.io.RequestLoggingFilter  : GET /v3/decodetrack?encodedTrack=QAAAngIAOU5ld0plYW5zICjribTsp4TsiqQpICdDb29sIFdpdGggWW91JyBPZmZpY2lhbCBNViAoc2lkZSBBKQALSFlCRSBMQUJFTFMAAAAAAAOpgAALenNZU1NWb1FuUDQAAQAraHR0cHM6Ly93d3cueW91dHViZS5jb20vd2F0Y2g/dj16c1lTU1ZvUW5QNAAHeW91dHViZQAAAAAAAAAA, client=127.0.0.1
2023-08-08 17:45:49.954  INFO 7976 --- [XNIO-1 task-2] lavalink.server.io.RequestLoggingFilter  : PATCH /v3/sessions/3r9iftbxpeudm5gd/players/1134166694986780783?noReplace=False, client=0:0:0:0:0:0:0:1, payload={"encodedTrack": "QAAAngIAOU5ld0plYW5zICjribTsp4TsiqQpICdDb29sIFdpdGggWW91JyBPZmZpY2lhbCBNViAoc2lkZSBBKQALSFlCRSBMQUJFTFMAAAAAAAOpgAALenNZU1NWb1FuUDQAAQAraHR0cHM6Ly93d3cueW91dHViZS5jb20vd2F0Y2g/dj16c1lTU1ZvUW5QNAAHeW91dHViZQAAAAAAAAAA", "position": 0, "volume": 50}
